[*] Run ID 0: seed=0, split_index=0
    Starting now: 2024-05-20 12:49:29.202588
[*] Loaded dataset 'VN-peptides-functional' from 'OGB':
  Data(edge_index=[2, 4773974], edge_attr=[4773974, 3], x=[2344859, 9], y=[15535, 10])
  undirected: True
  num graphs: 15535
  avg num_nodes/graph: 150
  num node features: 9
  num edge features: 3
  num classes: 10
GraphGymModule(
  (model): GNN(
    (encoder): FeatureEncoder(
      (node_encoder): AtomEncoder(
        (atom_embedding_list): ModuleList(
          (0): Embedding(119, 300)
          (1): Embedding(5, 300)
          (2-3): 2 x Embedding(12, 300)
          (4): Embedding(10, 300)
          (5-6): 2 x Embedding(6, 300)
          (7-8): 2 x Embedding(2, 300)
        )
      )
    )
    (mp): GNNStackStage(
      (layer0): GeneralLayer(
        (layer): GCNConv(
          (model): GCNConv(300, 300)
        )
        (post_layer): Sequential(
          (0): BatchNorm1d(300, eps=1e-05, momentum=0.1, affine=True, track_running_stats=True)
          (1): ReLU()
        )
      )
      (layer1): GeneralLayer(
        (layer): GCNConv(
          (model): GCNConv(300, 300)
        )
        (post_layer): Sequential(
          (0): BatchNorm1d(300, eps=1e-05, momentum=0.1, affine=True, track_running_stats=True)
          (1): ReLU()
        )
      )
      (layer2): GeneralLayer(
        (layer): GCNConv(
          (model): GCNConv(300, 300)
        )
        (post_layer): Sequential(
          (0): BatchNorm1d(300, eps=1e-05, momentum=0.1, affine=True, track_running_stats=True)
          (1): ReLU()
        )
      )
      (layer3): GeneralLayer(
        (layer): GCNConv(
          (model): GCNConv(300, 300)
        )
        (post_layer): Sequential(
          (0): BatchNorm1d(300, eps=1e-05, momentum=0.1, affine=True, track_running_stats=True)
          (1): ReLU()
        )
      )
      (layer4): GeneralLayer(
        (layer): GCNConv(
          (model): GCNConv(300, 300)
        )
        (post_layer): Sequential(
          (0): BatchNorm1d(300, eps=1e-05, momentum=0.1, affine=True, track_running_stats=True)
          (1): ReLU()
        )
      )
    )
    (post_mp): GNNGraphHead(
      (layer_post_mp): MLP(
        (model): Sequential(
          (0): Linear(
            (model): Linear(300, 10, bias=True)
          )
        )
      )
    )
  )
)
accelerator: cuda
benchmark: False
bn:
  eps: 1e-05
  mom: 0.1
cfg_dest: config.yaml
custom_metrics: []
dataset:
  cache_load: False
  cache_save: False
  dir: ./datasets
  edge_dim: 128
  edge_encoder: False
  edge_encoder_bn: True
  edge_encoder_name: Bond
  edge_encoder_num_types: 0
  edge_message_ratio: 0.8
  edge_negative_sampling_ratio: 1.0
  edge_train_mode: all
  encoder: True
  encoder_bn: True
  encoder_dim: 128
  encoder_name: db
  format: OGB
  label_column: none
  label_table: none
  location: local
  name: VN-peptides-functional
  node_encoder: True
  node_encoder_bn: False
  node_encoder_name: Atom
  node_encoder_num_types: 0
  remove_feature: False
  resample_disjoint: False
  resample_negative: False
  shuffle_split: True
  slic_compactness: 10
  split: [0.8, 0.1, 0.1]
  split_dir: ./splits
  split_index: 0
  split_mode: standard
  task: graph
  task_type: classification_multilabel
  to_undirected: False
  transductive: False
  transform: none
  tu_simple: True
device: cuda
devices: 1
example_arg: example
example_group:
  example_arg: example
gnn:
  act: relu
  agg: mean
  att_final_linear: False
  att_final_linear_bn: False
  att_heads: 1
  batchnorm: True
  clear_feature: True
  dim_inner: 300
  dropout: 0.0
  head: graph
  keep_edge: 0.5
  l2norm: True
  layer_type: gcnconv
  layers_mp: 5
  layers_post_mp: 1
  layers_pre_mp: 0
  msg_direction: single
  normalize_adj: False
  residual: False
  self_msg: concat
  skip_every: 1
  stage_type: stack
gpu_mem: False
gt:
  attn_dropout: 0.0
  batch_norm: True
  bigbird:
    add_cross_attention: False
    attention_type: block_sparse
    block_size: 3
    chunk_size_feed_forward: 0
    hidden_act: relu
    is_decoder: False
    layer_norm_eps: 1e-06
    max_position_embeddings: 128
    num_random_blocks: 3
    use_bias: False
  dim_hidden: 64
  dropout: 0.0
  full_graph: True
  gamma: 1e-05
  layer_norm: False
  layer_type: SANLayer
  layers: 3
  n_heads: 8
  pna_degrees: []
  residual: True
mem:
  inplace: False
metric_agg: argmax
metric_best: ap
model:
  edge_decoding: dot
  graph_pooling: mean
  loss_fun: cross_entropy
  match_upper: True
  size_average: mean
  thresh: 0.5
  type: gnn
name_tag: 
num_threads: 6
num_workers: 0
optim:
  base_lr: 0.01
  batch_accumulation: 1
  clip_grad_norm: False
  lr_decay: 0.1
  max_epoch: 200
  min_lr: 0.0
  momentum: 0.9
  num_warmup_epochs: 50
  optimizer: adam
  reduce_factor: 0.1
  schedule_patience: 10
  scheduler: cos
  steps: [30, 60, 90]
  weight_decay: 0.0005
optimizer_config:
  base_lr: 0.001
  max_epoch: 500
  min_lr: 1e-5
  optimizer: adamW
  reduce_factor: 0.5
  schedule_patience: 20
  scheduler: reduce_on_plateau
  weight_decay: 0.0
out_dir: results/VN-peptides-func-GCN
posenc_ElstaticSE:
  dim_pe: 16
  enable: False
  kernel:
    times: []
    times_func: range(10)
  layers: 3
  model: none
  n_heads: 4
  pass_as_var: False
  post_layers: 0
  raw_norm_type: none
posenc_EquivStableLapPE:
  eigen:
    eigvec_norm: L2
    laplacian_norm: sym
    max_freqs: 10
  enable: False
  raw_norm_type: none
posenc_HKdiagSE:
  dim_pe: 16
  enable: False
  kernel:
    times: []
    times_func: 
  layers: 3
  model: none
  n_heads: 4
  pass_as_var: False
  post_layers: 0
  raw_norm_type: none
posenc_LapPE:
  dim_pe: 16
  eigen:
    eigvec_norm: L2
    laplacian_norm: sym
    max_freqs: 10
  enable: False
  layers: 3
  model: none
  n_heads: 4
  pass_as_var: False
  post_layers: 0
  raw_norm_type: none
posenc_LapPEVec:
  dim_pe: 16
  eigen:
    eigvec_norm: L2
    laplacian_norm: sym
    max_freqs: 10
  enable: False
  layers: 3
  model: none
  n_heads: 4
  pass_as_var: False
  post_layers: 0
  raw_norm_type: none
posenc_RWSE:
  dim_pe: 16
  enable: False
  kernel:
    times: []
    times_func: 
  layers: 3
  model: none
  n_heads: 4
  pass_as_var: False
  post_layers: 0
  raw_norm_type: none
posenc_SignNet:
  dim_pe: 16
  eigen:
    eigvec_norm: L2
    laplacian_norm: sym
    max_freqs: 10
  enable: False
  layers: 3
  model: none
  n_heads: 4
  pass_as_var: False
  phi_hidden_dim: 64
  phi_out_dim: 4
  post_layers: 0
  raw_norm_type: none
print: both
round: 5
run_dir: results/VN-peptides-func-GCN/0
run_id: 0
run_multiple_splits: []
seed: 0
share:
  dim_in: 9
  dim_out: 10
  num_splits: 3
tensorboard_agg: True
tensorboard_each_run: False
train:
  auto_resume: False
  batch_size: 128
  ckpt_clean: True
  ckpt_period: 100
  enable_ckpt: True
  epoch_resume: -1
  eval_period: 1
  finetune: 
  freeze_pretrained: False
  iter_per_epoch: 32
  mode: custom
  neighbor_sizes: [20, 15, 10, 5]
  node_per_graph: 32
  radius: extend
  sample_node: False
  sampler: full_batch
  skip_train_eval: False
  walk_length: 4
val:
  node_per_graph: 32
  radius: extend
  sample_node: False
  sampler: full_batch
view_emb: False
wandb:
  entity: kludge
  name: 
  project: gtblueprint
  use: False
Num parameters: 508210
Start from epoch 0
train: {'epoch': 0, 'time_epoch': 14.52123, 'eta': 2889.72524, 'eta_hours': 0.8027, 'loss': 0.36222611, 'lr': 0.01, 'params': 508210, 'time_iter': 0.17084, 'accuracy': 0.16463, 'ap': 0.22201, 'auc': 0.60125, 'trivial_loss': 0.7516854915219376}
...computing epoch stats took: 0.05s
val: {'epoch': 0, 'time_epoch': 1.69139, 'loss': 0.38053614, 'lr': 0, 'params': 508210, 'time_iter': 0.08902, 'accuracy': 0.16482, 'ap': 0.1944, 'auc': 0.51698}
...computing epoch stats took: 0.04s
test: {'epoch': 0, 'time_epoch': 1.72961, 'loss': 0.38127788, 'lr': 0, 'params': 508210, 'time_iter': 0.09103, 'accuracy': 0.16465, 'ap': 0.19287, 'auc': 0.51786}
...computing epoch stats took: 0.03s
> Epoch 0: took 18.1s (avg 18.1s) | Best so far: epoch 0	train_loss: 0.3622 train_ap: 0.2220	val_loss: 0.3805 val_ap: 0.1944	test_loss: 0.3813 test_ap: 0.1929
train: {'epoch': 1, 'time_epoch': 13.10565, 'eta': 2735.06114, 'eta_hours': 0.75974, 'loss': 0.3260236, 'lr': 0.00999938, 'params': 508210, 'time_iter': 0.15418, 'accuracy': 0.16463, 'ap': 0.26797, 'auc': 0.64661, 'trivial_loss': 0.7516922538889854}
...computing epoch stats took: 0.03s
val: {'epoch': 1, 'time_epoch': 1.52147, 'loss': 0.38944095, 'lr': 0, 'params': 508210, 'time_iter': 0.08008, 'accuracy': 0.16482, 'ap': 0.26523, 'auc': 0.6228}
...computing epoch stats took: 0.03s
test: {'epoch': 1, 'time_epoch': 1.48807, 'loss': 0.39060266, 'lr': 0, 'params': 508210, 'time_iter': 0.07832, 'accuracy': 0.16465, 'ap': 0.26849, 'auc': 0.63474}
...computing epoch stats took: 0.03s
> Epoch 1: took 16.2s (avg 17.1s) | Best so far: epoch 1	train_loss: 0.3260 train_ap: 0.2680	val_loss: 0.3894 val_ap: 0.2652	test_loss: 0.3906 test_ap: 0.2685
train: {'epoch': 2, 'time_epoch': 13.08782, 'eta': 2673.59891, 'eta_hours': 0.74267, 'loss': 0.32417911, 'lr': 0.00999753, 'params': 508210, 'time_iter': 0.15397, 'accuracy': 0.16463, 'ap': 0.27338, 'auc': 0.6598, 'trivial_loss': 0.751696577821409}
...computing epoch stats took: 0.03s
val: {'epoch': 2, 'time_epoch': 1.52526, 'loss': 0.37838858, 'lr': 0, 'params': 508210, 'time_iter': 0.08028, 'accuracy': 0.16482, 'ap': 0.26953, 'auc': 0.61846}
...computing epoch stats took: 0.03s
test: {'epoch': 2, 'time_epoch': 1.5949, 'loss': 0.37801543, 'lr': 0, 'params': 508210, 'time_iter': 0.08394, 'accuracy': 0.16465, 'ap': 0.26749, 'auc': 0.61405}
...computing epoch stats took: 0.03s
> Epoch 2: took 16.3s (avg 16.9s) | Best so far: epoch 2	train_loss: 0.3242 train_ap: 0.2734	val_loss: 0.3784 val_ap: 0.2695	test_loss: 0.3780 test_ap: 0.2675
train: {'epoch': 3, 'time_epoch': 14.09294, 'eta': 2685.57456, 'eta_hours': 0.74599, 'loss': 0.31666222, 'lr': 0.00999445, 'params': 508210, 'time_iter': 0.1658, 'accuracy': 0.16463, 'ap': 0.29555, 'auc': 0.68794, 'trivial_loss': 0.751688331384772}
val: {'epoch': 3, 'time_epoch': 1.5518, 'loss': 0.34326993, 'lr': 0, 'params': 508210, 'time_iter': 0.08167, 'accuracy': 0.16482, 'ap': 0.26783, 'auc': 0.6447}
test: {'epoch': 3, 'time_epoch': 1.54613, 'loss': 0.34372416, 'lr': 0, 'params': 508210, 'time_iter': 0.08138, 'accuracy': 0.16465, 'ap': 0.26334, 'auc': 0.63909}
> Epoch 3: took 17.3s (avg 17.0s) | Best so far: epoch 2	train_loss: 0.3242 train_ap: 0.2734	val_loss: 0.3784 val_ap: 0.2695	test_loss: 0.3780 test_ap: 0.2675
train: {'epoch': 4, 'time_epoch': 14.01116, 'eta': 2683.93339, 'eta_hours': 0.74554, 'loss': 0.3139179, 'lr': 0.00999013, 'params': 508210, 'time_iter': 0.16484, 'accuracy': 0.16463, 'ap': 0.29937, 'auc': 0.70393, 'trivial_loss': 0.7516991789257867}
val: {'epoch': 4, 'time_epoch': 1.63603, 'loss': 0.34257603, 'lr': 0, 'params': 508210, 'time_iter': 0.08611, 'accuracy': 0.16482, 'ap': 0.26862, 'auc': 0.64063}
test: {'epoch': 4, 'time_epoch': 1.63077, 'loss': 0.34207671, 'lr': 0, 'params': 508210, 'time_iter': 0.08583, 'accuracy': 0.16465, 'ap': 0.27515, 'auc': 0.65452}
> Epoch 4: took 17.4s (avg 17.0s) | Best so far: epoch 2	train_loss: 0.3242 train_ap: 0.2734	val_loss: 0.3784 val_ap: 0.2695	test_loss: 0.3780 test_ap: 0.2675
train: {'epoch': 5, 'time_epoch': 13.9974, 'eta': 2677.72385, 'eta_hours': 0.74381, 'loss': 0.3100675, 'lr': 0.00998459, 'params': 508210, 'time_iter': 0.16468, 'accuracy': 0.16463, 'ap': 0.31402, 'auc': 0.71183, 'trivial_loss': 0.7516933800566112}
val: {'epoch': 5, 'time_epoch': 1.75355, 'loss': 0.34764368, 'lr': 0, 'params': 508210, 'time_iter': 0.09229, 'accuracy': 0.16482, 'ap': 0.27496, 'auc': 0.62832}
test: {'epoch': 5, 'time_epoch': 1.68914, 'loss': 0.34800773, 'lr': 0, 'params': 508210, 'time_iter': 0.0889, 'accuracy': 0.16465, 'ap': 0.28162, 'auc': 0.6598}
> Epoch 5: took 17.6s (avg 17.1s) | Best so far: epoch 5	train_loss: 0.3101 train_ap: 0.3140	val_loss: 0.3476 val_ap: 0.2750	test_loss: 0.3480 test_ap: 0.2816
train: {'epoch': 6, 'time_epoch': 14.00584, 'eta': 2669.52204, 'eta_hours': 0.74153, 'loss': 0.30786607, 'lr': 0.00997781, 'params': 508210, 'time_iter': 0.16477, 'accuracy': 0.16463, 'ap': 0.32381, 'auc': 0.71787, 'trivial_loss': 0.7516816690020077}
val: {'epoch': 6, 'time_epoch': 1.58691, 'loss': 0.35493012, 'lr': 0, 'params': 508210, 'time_iter': 0.08352, 'accuracy': 0.16482, 'ap': 0.24429, 'auc': 0.60279}
test: {'epoch': 6, 'time_epoch': 1.58885, 'loss': 0.35540267, 'lr': 0, 'params': 508210, 'time_iter': 0.08362, 'accuracy': 0.16465, 'ap': 0.24898, 'auc': 0.61023}
> Epoch 6: took 17.3s (avg 17.2s) | Best so far: epoch 5	train_loss: 0.3101 train_ap: 0.3140	val_loss: 0.3476 val_ap: 0.2750	test_loss: 0.3480 test_ap: 0.2816
train: {'epoch': 7, 'time_epoch': 13.78832, 'eta': 2654.64878, 'eta_hours': 0.7374, 'loss': 0.30545516, 'lr': 0.0099698, 'params': 508210, 'time_iter': 0.16222, 'accuracy': 0.16463, 'ap': 0.32946, 'auc': 0.7231, 'trivial_loss': 0.751685787116682}
val: {'epoch': 7, 'time_epoch': 1.53743, 'loss': 0.34365197, 'lr': 0, 'params': 508210, 'time_iter': 0.08092, 'accuracy': 0.16482, 'ap': 0.28856, 'auc': 0.67144}
test: {'epoch': 7, 'time_epoch': 1.54873, 'loss': 0.34405056, 'lr': 0, 'params': 508210, 'time_iter': 0.08151, 'accuracy': 0.16465, 'ap': 0.2886, 'auc': 0.6875}
> Epoch 7: took 17.0s (avg 17.1s) | Best so far: epoch 7	train_loss: 0.3055 train_ap: 0.3295	val_loss: 0.3437 val_ap: 0.2886	test_loss: 0.3441 test_ap: 0.2886
train: {'epoch': 8, 'time_epoch': 13.80279, 'eta': 2640.32368, 'eta_hours': 0.73342, 'loss': 0.30163531, 'lr': 0.00996057, 'params': 508210, 'time_iter': 0.16239, 'accuracy': 0.16463, 'ap': 0.34033, 'auc': 0.73616, 'trivial_loss': 0.751702580880211}
val: {'epoch': 8, 'time_epoch': 1.52144, 'loss': 0.35586483, 'lr': 0, 'params': 508210, 'time_iter': 0.08008, 'accuracy': 0.16482, 'ap': 0.23539, 'auc': 0.57983}
test: {'epoch': 8, 'time_epoch': 1.59271, 'loss': 0.35729454, 'lr': 0, 'params': 508210, 'time_iter': 0.08383, 'accuracy': 0.16465, 'ap': 0.23564, 'auc': 0.59371}
> Epoch 8: took 17.0s (avg 17.1s) | Best so far: epoch 7	train_loss: 0.3055 train_ap: 0.3295	val_loss: 0.3437 val_ap: 0.2886	test_loss: 0.3441 test_ap: 0.2886
train: {'epoch': 9, 'time_epoch': 13.76323, 'eta': 2625.3513, 'eta_hours': 0.72926, 'loss': 0.30001249, 'lr': 0.00995012, 'params': 508210, 'time_iter': 0.16192, 'accuracy': 0.16463, 'ap': 0.34054, 'auc': 0.7396, 'trivial_loss': 0.7516927972653856}
val: {'epoch': 9, 'time_epoch': 1.74615, 'loss': 0.44460158, 'lr': 0, 'params': 508210, 'time_iter': 0.0919, 'accuracy': 0.16482, 'ap': 0.24762, 'auc': 0.52033}
test: {'epoch': 9, 'time_epoch': 2.70168, 'loss': 0.44408661, 'lr': 0, 'params': 508210, 'time_iter': 0.14219, 'accuracy': 0.16465, 'ap': 0.2464, 'auc': 0.51245}
> Epoch 9: took 18.4s (avg 17.2s) | Best so far: epoch 7	train_loss: 0.3055 train_ap: 0.3295	val_loss: 0.3437 val_ap: 0.2886	test_loss: 0.3441 test_ap: 0.2886
train: {'epoch': 10, 'time_epoch': 16.22683, 'eta': 2652.92788, 'eta_hours': 0.73692, 'loss': 0.29822322, 'lr': 0.00993844, 'params': 508210, 'time_iter': 0.1909, 'accuracy': 0.16463, 'ap': 0.34612, 'auc': 0.74191, 'trivial_loss': 0.7516933157265729}
val: {'epoch': 10, 'time_epoch': 2.64229, 'loss': 0.44177316, 'lr': 0, 'params': 508210, 'time_iter': 0.13907, 'accuracy': 0.16482, 'ap': 0.25655, 'auc': 0.53648}
test: {'epoch': 10, 'time_epoch': 2.66606, 'loss': 0.4411644, 'lr': 0, 'params': 508210, 'time_iter': 0.14032, 'accuracy': 0.16465, 'ap': 0.25424, 'auc': 0.52944}
> Epoch 10: took 21.9s (avg 17.7s) | Best so far: epoch 7	train_loss: 0.3055 train_ap: 0.3295	val_loss: 0.3437 val_ap: 0.2886	test_loss: 0.3441 test_ap: 0.2886
train: {'epoch': 11, 'time_epoch': 20.74797, 'eta': 2744.03518, 'eta_hours': 0.76223, 'loss': 0.29706977, 'lr': 0.00992555, 'params': 508210, 'time_iter': 0.24409, 'accuracy': 0.16463, 'ap': 0.34363, 'auc': 0.74495, 'trivial_loss': 0.751685310997652}
val: {'epoch': 11, 'time_epoch': 1.83931, 'loss': 0.34054017, 'lr': 0, 'params': 508210, 'time_iter': 0.09681, 'accuracy': 0.16482, 'ap': 0.32632, 'auc': 0.68852}
test: {'epoch': 11, 'time_epoch': 1.8695, 'loss': 0.34221574, 'lr': 0, 'params': 508210, 'time_iter': 0.09839, 'accuracy': 0.16465, 'ap': 0.3158, 'auc': 0.68181}
> Epoch 11: took 24.6s (avg 18.2s) | Best so far: epoch 11	train_loss: 0.2971 train_ap: 0.3436	val_loss: 0.3405 val_ap: 0.3263	test_loss: 0.3422 test_ap: 0.3158
train: {'epoch': 12, 'time_epoch': 15.31549, 'eta': 2739.78975, 'eta_hours': 0.76105, 'loss': 0.30005732, 'lr': 0.00991144, 'params': 508210, 'time_iter': 0.18018, 'accuracy': 0.16463, 'ap': 0.34252, 'auc': 0.74218, 'trivial_loss': 0.751697671284049}
val: {'epoch': 12, 'time_epoch': 1.78734, 'loss': 0.34395325, 'lr': 0, 'params': 508210, 'time_iter': 0.09407, 'accuracy': 0.16482, 'ap': 0.26871, 'auc': 0.65938}
test: {'epoch': 12, 'time_epoch': 1.81142, 'loss': 0.34444575, 'lr': 0, 'params': 508210, 'time_iter': 0.09534, 'accuracy': 0.16465, 'ap': 0.26575, 'auc': 0.66978}
> Epoch 12: took 19.0s (avg 18.3s) | Best so far: epoch 11	train_loss: 0.2971 train_ap: 0.3436	val_loss: 0.3405 val_ap: 0.3263	test_loss: 0.3422 test_ap: 0.3158
train: {'epoch': 13, 'time_epoch': 15.15119, 'eta': 2731.78008, 'eta_hours': 0.75883, 'loss': 0.29711196, 'lr': 0.00989611, 'params': 508210, 'time_iter': 0.17825, 'accuracy': 0.16463, 'ap': 0.35235, 'auc': 0.75433, 'trivial_loss': 0.7516921853433699}
val: {'epoch': 13, 'time_epoch': 1.83918, 'loss': 0.37991913, 'lr': 0, 'params': 508210, 'time_iter': 0.0968, 'accuracy': 0.16482, 'ap': 0.21932, 'auc': 0.56524}
test: {'epoch': 13, 'time_epoch': 1.8357, 'loss': 0.38130941, 'lr': 0, 'params': 508210, 'time_iter': 0.09662, 'accuracy': 0.16465, 'ap': 0.21068, 'auc': 0.53333}
> Epoch 13: took 19.0s (avg 18.4s) | Best so far: epoch 11	train_loss: 0.2971 train_ap: 0.3436	val_loss: 0.3405 val_ap: 0.3263	test_loss: 0.3422 test_ap: 0.3158
train: {'epoch': 14, 'time_epoch': 14.10305, 'eta': 2709.89114, 'eta_hours': 0.75275, 'loss': 0.29459655, 'lr': 0.00987958, 'params': 508210, 'time_iter': 0.16592, 'accuracy': 0.16463, 'ap': 0.35419, 'auc': 0.75683, 'trivial_loss': 0.7516960066189096}
val: {'epoch': 14, 'time_epoch': 1.97328, 'loss': 0.33869728, 'lr': 0, 'params': 508210, 'time_iter': 0.10386, 'accuracy': 0.16482, 'ap': 0.29543, 'auc': 0.66699}
test: {'epoch': 14, 'time_epoch': 2.17978, 'loss': 0.3371305, 'lr': 0, 'params': 508210, 'time_iter': 0.11473, 'accuracy': 0.16465, 'ap': 0.29516, 'auc': 0.6592}
> Epoch 14: took 18.4s (avg 18.4s) | Best so far: epoch 11	train_loss: 0.2971 train_ap: 0.3436	val_loss: 0.3405 val_ap: 0.3263	test_loss: 0.3422 test_ap: 0.3158
train: {'epoch': 15, 'time_epoch': 14.37782, 'eta': 2692.13532, 'eta_hours': 0.74782, 'loss': 0.29171931, 'lr': 0.00986185, 'params': 508210, 'time_iter': 0.16915, 'accuracy': 0.16463, 'ap': 0.35683, 'auc': 0.76253, 'trivial_loss': 0.7516945109002934}
val: {'epoch': 15, 'time_epoch': 1.62896, 'loss': 0.47606372, 'lr': 0, 'params': 508210, 'time_iter': 0.08573, 'accuracy': 0.16482, 'ap': 0.2389, 'auc': 0.50511}
test: {'epoch': 15, 'time_epoch': 1.57985, 'loss': 0.47524282, 'lr': 0, 'params': 508210, 'time_iter': 0.08315, 'accuracy': 0.16465, 'ap': 0.23963, 'auc': 0.50206}
> Epoch 15: took 17.7s (avg 18.3s) | Best so far: epoch 11	train_loss: 0.2971 train_ap: 0.3436	val_loss: 0.3405 val_ap: 0.3263	test_loss: 0.3422 test_ap: 0.3158
train: {'epoch': 16, 'time_epoch': 14.04379, 'eta': 2671.18118, 'eta_hours': 0.74199, 'loss': 0.2891496, 'lr': 0.00984292, 'params': 508210, 'time_iter': 0.16522, 'accuracy': 0.16463, 'ap': 0.36588, 'auc': 0.76719, 'trivial_loss': 0.7516924950156207}
val: {'epoch': 16, 'time_epoch': 1.59279, 'loss': 0.39680971, 'lr': 0, 'params': 508210, 'time_iter': 0.08383, 'accuracy': 0.16482, 'ap': 0.13923, 'auc': 0.42183}
test: {'epoch': 16, 'time_epoch': 1.67332, 'loss': 0.3971852, 'lr': 0, 'params': 508210, 'time_iter': 0.08807, 'accuracy': 0.16465, 'ap': 0.13878, 'auc': 0.41873}
> Epoch 16: took 17.4s (avg 18.3s) | Best so far: epoch 11	train_loss: 0.2971 train_ap: 0.3436	val_loss: 0.3405 val_ap: 0.3263	test_loss: 0.3422 test_ap: 0.3158
train: {'epoch': 17, 'time_epoch': 13.94054, 'eta': 2649.95085, 'eta_hours': 0.7361, 'loss': 0.29607064, 'lr': 0.00982279, 'params': 508210, 'time_iter': 0.16401, 'accuracy': 0.16463, 'ap': 0.35012, 'auc': 0.75289, 'trivial_loss': 0.7516912688911208}
val: {'epoch': 17, 'time_epoch': 1.69876, 'loss': 0.38285381, 'lr': 0, 'params': 508210, 'time_iter': 0.08941, 'accuracy': 0.16482, 'ap': 0.21835, 'auc': 0.59005}
test: {'epoch': 17, 'time_epoch': 1.86724, 'loss': 0.38357272, 'lr': 0, 'params': 508210, 'time_iter': 0.09828, 'accuracy': 0.16465, 'ap': 0.21722, 'auc': 0.59153}
> Epoch 17: took 17.6s (avg 18.2s) | Best so far: epoch 11	train_loss: 0.2971 train_ap: 0.3436	val_loss: 0.3405 val_ap: 0.3263	test_loss: 0.3422 test_ap: 0.3158
train: {'epoch': 18, 'time_epoch': 15.44732, 'eta': 2643.84196, 'eta_hours': 0.7344, 'loss': 0.29108684, 'lr': 0.00980147, 'params': 508210, 'time_iter': 0.18173, 'accuracy': 0.16463, 'ap': 0.36457, 'auc': 0.76054, 'trivial_loss': 0.7516752300338759}
val: {'epoch': 18, 'time_epoch': 1.80886, 'loss': 0.31441981, 'lr': 0, 'params': 508210, 'time_iter': 0.0952, 'accuracy': 0.16482, 'ap': 0.31647, 'auc': 0.68928}
test: {'epoch': 18, 'time_epoch': 1.81104, 'loss': 0.31640548, 'lr': 0, 'params': 508210, 'time_iter': 0.09532, 'accuracy': 0.16465, 'ap': 0.3139, 'auc': 0.69287}
> Epoch 18: took 19.2s (avg 18.3s) | Best so far: epoch 11	train_loss: 0.2971 train_ap: 0.3436	val_loss: 0.3405 val_ap: 0.3263	test_loss: 0.3422 test_ap: 0.3158
train: {'epoch': 19, 'time_epoch': 14.91284, 'eta': 2631.98891, 'eta_hours': 0.73111, 'loss': 0.28926372, 'lr': 0.00977897, 'params': 508210, 'time_iter': 0.17545, 'accuracy': 0.16463, 'ap': 0.36648, 'auc': 0.76908, 'trivial_loss': 0.7516987595224429}
val: {'epoch': 19, 'time_epoch': 1.74843, 'loss': 0.32788728, 'lr': 0, 'params': 508210, 'time_iter': 0.09202, 'accuracy': 0.16482, 'ap': 0.30368, 'auc': 0.67019}
test: {'epoch': 19, 'time_epoch': 1.73804, 'loss': 0.32548427, 'lr': 0, 'params': 508210, 'time_iter': 0.09148, 'accuracy': 0.16465, 'ap': 0.30673, 'auc': 0.69276}
> Epoch 19: took 18.5s (avg 18.3s) | Best so far: epoch 11	train_loss: 0.2971 train_ap: 0.3436	val_loss: 0.3405 val_ap: 0.3263	test_loss: 0.3422 test_ap: 0.3158
train: {'epoch': 20, 'time_epoch': 14.40508, 'eta': 2615.51638, 'eta_hours': 0.72653, 'loss': 0.29301886, 'lr': 0.00975528, 'params': 508210, 'time_iter': 0.16947, 'accuracy': 0.16463, 'ap': 0.35759, 'auc': 0.75663, 'trivial_loss': 0.7517041859845607}
val: {'epoch': 20, 'time_epoch': 1.59908, 'loss': 0.35061038, 'lr': 0, 'params': 508210, 'time_iter': 0.08416, 'accuracy': 0.16482, 'ap': 0.30761, 'auc': 0.66623}
test: {'epoch': 20, 'time_epoch': 1.60946, 'loss': 0.35276527, 'lr': 0, 'params': 508210, 'time_iter': 0.08471, 'accuracy': 0.16465, 'ap': 0.30578, 'auc': 0.67355}
> Epoch 20: took 17.7s (avg 18.3s) | Best so far: epoch 11	train_loss: 0.2971 train_ap: 0.3436	val_loss: 0.3405 val_ap: 0.3263	test_loss: 0.3422 test_ap: 0.3158
train: {'epoch': 21, 'time_epoch': 14.04328, 'eta': 2596.30453, 'eta_hours': 0.7212, 'loss': 0.29176035, 'lr': 0.00973043, 'params': 508210, 'time_iter': 0.16522, 'accuracy': 0.16463, 'ap': 0.3627, 'auc': 0.7601, 'trivial_loss': 0.7516878837441867}
val: {'epoch': 21, 'time_epoch': 1.64789, 'loss': 0.46986268, 'lr': 0, 'params': 508210, 'time_iter': 0.08673, 'accuracy': 0.16482, 'ap': 0.22336, 'auc': 0.58685}
test: {'epoch': 21, 'time_epoch': 1.62712, 'loss': 0.46948198, 'lr': 0, 'params': 508210, 'time_iter': 0.08564, 'accuracy': 0.16465, 'ap': 0.22245, 'auc': 0.59172}
> Epoch 21: took 17.4s (avg 18.2s) | Best so far: epoch 11	train_loss: 0.2971 train_ap: 0.3436	val_loss: 0.3405 val_ap: 0.3263	test_loss: 0.3422 test_ap: 0.3158
train: {'epoch': 22, 'time_epoch': 14.55856, 'eta': 2581.50752, 'eta_hours': 0.71709, 'loss': 0.29040464, 'lr': 0.0097044, 'params': 508210, 'time_iter': 0.17128, 'accuracy': 0.16463, 'ap': 0.36781, 'auc': 0.76802, 'trivial_loss': 0.7516969354163863}
val: {'epoch': 22, 'time_epoch': 1.88009, 'loss': 0.32204298, 'lr': 0, 'params': 508210, 'time_iter': 0.09895, 'accuracy': 0.16482, 'ap': 0.34277, 'auc': 0.72544}
test: {'epoch': 22, 'time_epoch': 1.93251, 'loss': 0.32425449, 'lr': 0, 'params': 508210, 'time_iter': 0.10171, 'accuracy': 0.16465, 'ap': 0.34007, 'auc': 0.73731}
> Epoch 22: took 18.5s (avg 18.2s) | Best so far: epoch 22	train_loss: 0.2904 train_ap: 0.3678	val_loss: 0.3220 val_ap: 0.3428	test_loss: 0.3243 test_ap: 0.3401
train: {'epoch': 23, 'time_epoch': 14.0646, 'eta': 2563.10804, 'eta_hours': 0.71197, 'loss': 0.28828579, 'lr': 0.00967722, 'params': 508210, 'time_iter': 0.16547, 'accuracy': 0.16463, 'ap': 0.36825, 'auc': 0.76842, 'trivial_loss': 0.751685518399669}
val: {'epoch': 23, 'time_epoch': 1.62811, 'loss': 0.41416329, 'lr': 0, 'params': 508210, 'time_iter': 0.08569, 'accuracy': 0.16482, 'ap': 0.26842, 'auc': 0.61662}
test: {'epoch': 23, 'time_epoch': 1.59504, 'loss': 0.41567212, 'lr': 0, 'params': 508210, 'time_iter': 0.08395, 'accuracy': 0.16465, 'ap': 0.26216, 'auc': 0.59781}
> Epoch 23: took 17.4s (avg 18.2s) | Best so far: epoch 22	train_loss: 0.2904 train_ap: 0.3678	val_loss: 0.3220 val_ap: 0.3428	test_loss: 0.3243 test_ap: 0.3401
train: {'epoch': 24, 'time_epoch': 14.05321, 'eta': 2544.97562, 'eta_hours': 0.70694, 'loss': 0.2877952, 'lr': 0.00964888, 'params': 508210, 'time_iter': 0.16533, 'accuracy': 0.16463, 'ap': 0.37252, 'auc': 0.7684, 'trivial_loss': 0.7516972793340354}
val: {'epoch': 24, 'time_epoch': 1.5726, 'loss': 0.38460657, 'lr': 0, 'params': 508210, 'time_iter': 0.08277, 'accuracy': 0.16482, 'ap': 0.19008, 'auc': 0.51444}
test: {'epoch': 24, 'time_epoch': 1.58298, 'loss': 0.38698174, 'lr': 0, 'params': 508210, 'time_iter': 0.08331, 'accuracy': 0.16465, 'ap': 0.18798, 'auc': 0.5146}
> Epoch 24: took 17.3s (avg 18.2s) | Best so far: epoch 22	train_loss: 0.2904 train_ap: 0.3678	val_loss: 0.3220 val_ap: 0.3428	test_loss: 0.3243 test_ap: 0.3401
train: {'epoch': 25, 'time_epoch': 14.1978, 'eta': 2528.12462, 'eta_hours': 0.70226, 'loss': 0.28877355, 'lr': 0.0096194, 'params': 508210, 'time_iter': 0.16703, 'accuracy': 0.16463, 'ap': 0.36709, 'auc': 0.76968, 'trivial_loss': 0.7516929554345032}
val: {'epoch': 25, 'time_epoch': 1.88422, 'loss': 0.29480943, 'lr': 0, 'params': 508210, 'time_iter': 0.09917, 'accuracy': 0.16482, 'ap': 0.37115, 'auc': 0.75554}
test: {'epoch': 25, 'time_epoch': 1.88465, 'loss': 0.29360937, 'lr': 0, 'params': 508210, 'time_iter': 0.09919, 'accuracy': 0.16465, 'ap': 0.37186, 'auc': 0.77099}
> Epoch 25: took 18.1s (avg 18.2s) | Best so far: epoch 25	train_loss: 0.2888 train_ap: 0.3671	val_loss: 0.2948 val_ap: 0.3711	test_loss: 0.2936 test_ap: 0.3719
train: {'epoch': 26, 'time_epoch': 14.15419, 'eta': 2511.19075, 'eta_hours': 0.69755, 'loss': 0.28750136, 'lr': 0.00958877, 'params': 508210, 'time_iter': 0.16652, 'accuracy': 0.16463, 'ap': 0.37637, 'auc': 0.76954, 'trivial_loss': 0.7516992200948185}
val: {'epoch': 26, 'time_epoch': 1.91196, 'loss': 0.37992063, 'lr': 0, 'params': 508210, 'time_iter': 0.10063, 'accuracy': 0.16482, 'ap': 0.22451, 'auc': 0.54935}
test: {'epoch': 26, 'time_epoch': 1.64944, 'loss': 0.38227366, 'lr': 0, 'params': 508210, 'time_iter': 0.08681, 'accuracy': 0.16465, 'ap': 0.22163, 'auc': 0.5507}
> Epoch 26: took 17.8s (avg 18.2s) | Best so far: epoch 25	train_loss: 0.2888 train_ap: 0.3671	val_loss: 0.2948 val_ap: 0.3711	test_loss: 0.2936 test_ap: 0.3719
train: {'epoch': 27, 'time_epoch': 14.02445, 'eta': 2493.65844, 'eta_hours': 0.69268, 'loss': 0.28743011, 'lr': 0.00955702, 'params': 508210, 'time_iter': 0.16499, 'accuracy': 0.16463, 'ap': 0.3732, 'auc': 0.77022, 'trivial_loss': 0.7516851454005666}
val: {'epoch': 27, 'time_epoch': 1.62739, 'loss': 0.43705503, 'lr': 0, 'params': 508210, 'time_iter': 0.08565, 'accuracy': 0.16482, 'ap': 0.26011, 'auc': 0.57516}
test: {'epoch': 27, 'time_epoch': 1.67272, 'loss': 0.43807656, 'lr': 0, 'params': 508210, 'time_iter': 0.08804, 'accuracy': 0.16465, 'ap': 0.25477, 'auc': 0.56063}
> Epoch 27: took 17.4s (avg 18.1s) | Best so far: epoch 25	train_loss: 0.2888 train_ap: 0.3671	val_loss: 0.2948 val_ap: 0.3711	test_loss: 0.2936 test_ap: 0.3719
train: {'epoch': 28, 'time_epoch': 14.29055, 'eta': 2477.93708, 'eta_hours': 0.68832, 'loss': 0.28811872, 'lr': 0.00952414, 'params': 508210, 'time_iter': 0.16812, 'accuracy': 0.16463, 'ap': 0.37127, 'auc': 0.76784, 'trivial_loss': 0.7516870367091746}
val: {'epoch': 28, 'time_epoch': 1.78137, 'loss': 0.34871237, 'lr': 0, 'params': 508210, 'time_iter': 0.09376, 'accuracy': 0.16482, 'ap': 0.31339, 'auc': 0.65292}
test: {'epoch': 28, 'time_epoch': 1.94401, 'loss': 0.34944537, 'lr': 0, 'params': 508210, 'time_iter': 0.10232, 'accuracy': 0.16465, 'ap': 0.29992, 'auc': 0.63126}
> Epoch 28: took 18.2s (avg 18.1s) | Best so far: epoch 25	train_loss: 0.2888 train_ap: 0.3671	val_loss: 0.2948 val_ap: 0.3711	test_loss: 0.2936 test_ap: 0.3719
train: {'epoch': 29, 'time_epoch': 14.14149, 'eta': 2461.46643, 'eta_hours': 0.68374, 'loss': 0.28840678, 'lr': 0.00949014, 'params': 508210, 'time_iter': 0.16637, 'accuracy': 0.16463, 'ap': 0.37325, 'auc': 0.76876, 'trivial_loss': 0.7516921100385777}
val: {'epoch': 29, 'time_epoch': 1.58459, 'loss': 0.34263757, 'lr': 0, 'params': 508210, 'time_iter': 0.0834, 'accuracy': 0.16482, 'ap': 0.2579, 'auc': 0.60501}
test: {'epoch': 29, 'time_epoch': 1.71881, 'loss': 0.34228574, 'lr': 0, 'params': 508210, 'time_iter': 0.09046, 'accuracy': 0.16465, 'ap': 0.25771, 'auc': 0.62209}
> Epoch 29: took 17.5s (avg 18.1s) | Best so far: epoch 25	train_loss: 0.2888 train_ap: 0.3671	val_loss: 0.2948 val_ap: 0.3711	test_loss: 0.2936 test_ap: 0.3719
train: {'epoch': 30, 'time_epoch': 14.24905, 'eta': 2445.73247, 'eta_hours': 0.67937, 'loss': 0.29020601, 'lr': 0.00945503, 'params': 508210, 'time_iter': 0.16764, 'accuracy': 0.16463, 'ap': 0.36949, 'auc': 0.76474, 'trivial_loss': 0.7516945602209031}
val: {'epoch': 30, 'time_epoch': 1.65806, 'loss': 0.33394299, 'lr': 0, 'params': 508210, 'time_iter': 0.08727, 'accuracy': 0.16482, 'ap': 0.31639, 'auc': 0.70957}
test: {'epoch': 30, 'time_epoch': 1.65421, 'loss': 0.33256584, 'lr': 0, 'params': 508210, 'time_iter': 0.08706, 'accuracy': 0.16465, 'ap': 0.3111, 'auc': 0.70595}
> Epoch 30: took 17.7s (avg 18.1s) | Best so far: epoch 25	train_loss: 0.2888 train_ap: 0.3671	val_loss: 0.2948 val_ap: 0.3711	test_loss: 0.2936 test_ap: 0.3719
train: {'epoch': 31, 'time_epoch': 14.09915, 'eta': 2429.30435, 'eta_hours': 0.67481, 'loss': 0.28648314, 'lr': 0.00941883, 'params': 508210, 'time_iter': 0.16587, 'accuracy': 0.16463, 'ap': 0.37825, 'auc': 0.76865, 'trivial_loss': 0.7516889725252883}
val: {'epoch': 31, 'time_epoch': 1.77009, 'loss': 0.33879449, 'lr': 0, 'params': 508210, 'time_iter': 0.09316, 'accuracy': 0.16482, 'ap': 0.32579, 'auc': 0.69455}
test: {'epoch': 31, 'time_epoch': 1.91845, 'loss': 0.34006897, 'lr': 0, 'params': 508210, 'time_iter': 0.10097, 'accuracy': 0.16465, 'ap': 0.32664, 'auc': 0.70202}
> Epoch 31: took 17.9s (avg 18.1s) | Best so far: epoch 25	train_loss: 0.2888 train_ap: 0.3671	val_loss: 0.2948 val_ap: 0.3711	test_loss: 0.2936 test_ap: 0.3719
