[*] Run ID 0: seed=0, split_index=0
    Starting now: 2024-05-21 16:57:52.632501
[*] Loaded dataset 'peptides-structural' from 'OGB':
  Data(edge_index=[2, 4773974], edge_attr=[4773974, 3], x=[2344859, 9], y=[15535, 11])
  undirected: True
  num graphs: 15535
  avg num_nodes/graph: 150
  num node features: 9
  num edge features: 3
  num classes: 11
Precomputing Positional Encoding statistics: ['LapPE'] for all graphs...
  ...estimated to be undirected: True
Done! Took 00:00:43.82
GraphGymModule(
  (model): SANTransformer(
    (encoder): FeatureEncoder(
      (node_encoder): Concat2NodeEncoder(
        (encoder1): AtomEncoder(
          (atom_embedding_list): ModuleList(
            (0): Embedding(119, 68)
            (1): Embedding(5, 68)
            (2-3): 2 x Embedding(12, 68)
            (4): Embedding(10, 68)
            (5-6): 2 x Embedding(6, 68)
            (7-8): 2 x Embedding(2, 68)
          )
        )
        (encoder2): LapPENodeEncoder(
          (linear_A): Linear(in_features=2, out_features=16, bias=True)
          (pe_encoder): TransformerEncoder(
            (layers): ModuleList(
              (0-1): 2 x TransformerEncoderLayer(
                (self_attn): MultiheadAttention(
                  (out_proj): NonDynamicallyQuantizableLinear(in_features=16, out_features=16, bias=True)
                )
                (linear1): Linear(in_features=16, out_features=2048, bias=True)
                (dropout): Dropout(p=0.1, inplace=False)
                (linear2): Linear(in_features=2048, out_features=16, bias=True)
                (norm1): LayerNorm((16,), eps=1e-05, elementwise_affine=True)
                (norm2): LayerNorm((16,), eps=1e-05, elementwise_affine=True)
                (dropout1): Dropout(p=0.1, inplace=False)
                (dropout2): Dropout(p=0.1, inplace=False)
              )
            )
          )
        )
      )
      (edge_encoder): BondEncoder(
        (bond_embedding_list): ModuleList(
          (0): Embedding(5, 84)
          (1): Embedding(6, 84)
          (2): Embedding(2, 84)
        )
      )
    )
    (trf_layers): Sequential(
      (0): SANLayer(in_channels=84, out_channels=84, heads=4, residual=True)
      (1): SANLayer(in_channels=84, out_channels=84, heads=4, residual=True)
      (2): SANLayer(in_channels=84, out_channels=84, heads=4, residual=True)
      (3): SANLayer(in_channels=84, out_channels=84, heads=4, residual=True)
    )
    (post_mp): GNNGraphHead(
      (layer_post_mp): MLP(
        (model): Sequential(
          (0): Linear(
            (model): Linear(84, 11, bias=True)
          )
        )
      )
    )
  )
)
accelerator: cuda
benchmark: False
bn:
  eps: 1e-05
  mom: 0.1
cfg_dest: config.yaml
custom_metrics: []
dataset:
  cache_load: False
  cache_save: False
  dir: ./datasets
  edge_dim: 128
  edge_encoder: True
  edge_encoder_bn: False
  edge_encoder_name: Bond
  edge_encoder_num_types: 0
  edge_message_ratio: 0.8
  edge_negative_sampling_ratio: 1.0
  edge_train_mode: all
  encoder: True
  encoder_bn: True
  encoder_dim: 128
  encoder_name: db
  format: OGB
  label_column: none
  label_table: none
  location: local
  name: peptides-structural
  node_encoder: True
  node_encoder_bn: False
  node_encoder_name: Atom+LapPE
  node_encoder_num_types: 0
  remove_feature: False
  resample_disjoint: False
  resample_negative: False
  shuffle_split: True
  slic_compactness: 10
  split: [0.8, 0.1, 0.1]
  split_dir: ./splits
  split_index: 0
  split_mode: standard
  task: graph
  task_type: regression
  to_undirected: False
  transductive: False
  transform: none
  tu_simple: True
device: cuda
devices: 1
example_arg: example
example_group:
  example_arg: example
gnn:
  act: relu
  agg: add
  att_final_linear: False
  att_final_linear_bn: False
  att_heads: 1
  batchnorm: True
  clear_feature: True
  dim_inner: 84
  dropout: 0.0
  head: graph
  keep_edge: 0.5
  l2norm: True
  layer_type: generalconv
  layers_mp: 2
  layers_post_mp: 1
  layers_pre_mp: 0
  msg_direction: single
  normalize_adj: False
  residual: False
  self_msg: concat
  skip_every: 1
  stage_type: stack
gpu_mem: False
gt:
  attn_dropout: 0.0
  batch_norm: True
  bigbird:
    add_cross_attention: False
    attention_type: block_sparse
    block_size: 3
    chunk_size_feed_forward: 0
    hidden_act: relu
    is_decoder: False
    layer_norm_eps: 1e-06
    max_position_embeddings: 128
    num_random_blocks: 3
    use_bias: False
  dim_hidden: 84
  dropout: 0.0
  full_graph: True
  gamma: 1e-06
  layer_norm: False
  layer_type: SANLayer
  layers: 4
  n_heads: 4
  pna_degrees: []
  residual: True
mem:
  inplace: False
metric_agg: argmin
metric_best: mae
model:
  edge_decoding: dot
  graph_pooling: mean
  loss_fun: l1
  match_upper: True
  size_average: mean
  thresh: 0.5
  type: SANTransformer
name_tag: 
num_threads: 6
num_workers: 0
optim:
  base_lr: 0.0003
  batch_accumulation: 4
  clip_grad_norm: False
  lr_decay: 0.1
  max_epoch: 100
  min_lr: 1e-05
  momentum: 0.9
  num_warmup_epochs: 50
  optimizer: adamW
  reduce_factor: 0.5
  schedule_patience: 20
  scheduler: reduce_on_plateau
  steps: [30, 60, 90]
  weight_decay: 0.0
out_dir: results/peptides-struct-SAN
posenc_ElstaticSE:
  dim_pe: 16
  enable: False
  kernel:
    times: []
    times_func: range(10)
  layers: 3
  model: none
  n_heads: 4
  pass_as_var: False
  post_layers: 0
  raw_norm_type: none
posenc_EquivStableLapPE:
  eigen:
    eigvec_norm: L2
    laplacian_norm: sym
    max_freqs: 10
  enable: False
  raw_norm_type: none
posenc_HKdiagSE:
  dim_pe: 16
  enable: False
  kernel:
    times: []
    times_func: 
  layers: 3
  model: none
  n_heads: 4
  pass_as_var: False
  post_layers: 0
  raw_norm_type: none
posenc_LapPE:
  dim_pe: 16
  eigen:
    eigvec_norm: L2
    laplacian_norm: sym
    max_freqs: 10
  enable: True
  layers: 2
  model: Transformer
  n_heads: 4
  pass_as_var: False
  post_layers: 0
  raw_norm_type: none
posenc_LapPEVec:
  dim_pe: 16
  eigen:
    eigvec_norm: L2
    laplacian_norm: sym
    max_freqs: 10
  enable: False
  layers: 3
  model: none
  n_heads: 4
  pass_as_var: False
  post_layers: 0
  raw_norm_type: none
posenc_RWSE:
  dim_pe: 16
  enable: False
  kernel:
    times: []
    times_func: 
  layers: 3
  model: none
  n_heads: 4
  pass_as_var: False
  post_layers: 0
  raw_norm_type: none
posenc_SignNet:
  dim_pe: 16
  eigen:
    eigvec_norm: L2
    laplacian_norm: sym
    max_freqs: 10
  enable: False
  layers: 3
  model: none
  n_heads: 4
  pass_as_var: False
  phi_hidden_dim: 64
  phi_out_dim: 4
  post_layers: 0
  raw_norm_type: none
print: both
round: 5
run_dir: results/peptides-struct-SAN/0
run_id: 0
run_multiple_splits: []
seed: 0
share:
  dim_in: 9
  dim_out: 11
  num_splits: 3
tensorboard_agg: True
tensorboard_each_run: False
train:
  auto_resume: False
  batch_size: 32
  ckpt_clean: True
  ckpt_period: 100
  enable_ckpt: True
  epoch_resume: -1
  eval_period: 1
  finetune: 
  freeze_pretrained: False
  iter_per_epoch: 32
  mode: custom
  neighbor_sizes: [20, 15, 10, 5]
  node_per_graph: 32
  radius: extend
  sample_node: False
  sampler: full_batch
  skip_train_eval: False
  walk_length: 4
val:
  node_per_graph: 32
  radius: extend
  sample_node: False
  sampler: full_batch
view_emb: False
wandb:
  entity: kludge
  name: 
  project: peptides-struct
  use: False
Num parameters: 492871
Start from epoch 0
train: {'epoch': 0, 'time_epoch': 46.50005, 'eta': 4603.50493, 'eta_hours': 1.27875, 'loss': 0.4274644, 'lr': nan, 'params': 492871, 'time_iter': 0.13676, 'mae': 0.42746, 'r2': 0.37296, 'spearmanr': 0.81468, 'pearson': -1.0, 'mse': 0.63402, 'rmse': 0.78896, 'trivial_loss': 0.6722824122466522}
...computing epoch stats took: 0.07s
val: {'epoch': 0, 'time_epoch': 6.90449, 'loss': 0.48888098, 'lr': 0, 'params': 492871, 'time_iter': 0.09458, 'mae': 0.48888, 'r2': 0.22009, 'spearmanr': 0.84204, 'pearson': -1.0, 'mse': 0.72532, 'rmse': 0.83495}
...computing epoch stats took: 0.02s
test: {'epoch': 0, 'time_epoch': 6.39553, 'loss': 0.50268869, 'lr': 0, 'params': 492871, 'time_iter': 0.08761, 'mae': 0.50269, 'r2': 0.22025, 'spearmanr': 0.84195, 'pearson': -1.0, 'mse': 0.792, 'rmse': 0.8717}
...computing epoch stats took: 0.02s
> Epoch 0: took 59.9s (avg 59.9s) | Best so far: epoch 0	train_loss: 0.4275 train_mae: 0.4275	val_loss: 0.4889 val_mae: 0.4889	test_loss: 0.5027 test_mae: 0.5027
train: {'epoch': 1, 'time_epoch': 44.7891, 'eta': 4473.16853, 'eta_hours': 1.24255, 'loss': 0.37020734, 'lr': nan, 'params': 492871, 'time_iter': 0.13173, 'mae': 0.37021, 'r2': 0.47848, 'spearmanr': 0.86991, 'pearson': -1.0, 'mse': 0.52729, 'rmse': 0.71684, 'trivial_loss': 0.6743135674451713}
...computing epoch stats took: 0.07s
val: {'epoch': 1, 'time_epoch': 6.19117, 'loss': 0.51814045, 'lr': 0, 'params': 492871, 'time_iter': 0.08481, 'mae': 0.51814, 'r2': 0.10529, 'spearmanr': 0.79624, 'pearson': -1.0, 'mse': 0.82996, 'rmse': 0.89959}
...computing epoch stats took: 0.02s
test: {'epoch': 1, 'time_epoch': 6.20041, 'loss': 0.53379087, 'lr': 0, 'params': 492871, 'time_iter': 0.08494, 'mae': 0.53379, 'r2': 0.10316, 'spearmanr': 0.8035, 'pearson': -1.0, 'mse': 0.91043, 'rmse': 0.94032}
...computing epoch stats took: 0.02s
> Epoch 1: took 57.3s (avg 58.6s) | Best so far: epoch 0	train_loss: 0.4275 train_mae: 0.4275	val_loss: 0.4889 val_mae: 0.4889	test_loss: 0.5027 test_mae: 0.5027
train: {'epoch': 2, 'time_epoch': 44.59976, 'eta': 4393.74165, 'eta_hours': 1.22048, 'loss': 0.35599108, 'lr': nan, 'params': 492871, 'time_iter': 0.13118, 'mae': 0.35599, 'r2': 0.51869, 'spearmanr': 0.87162, 'pearson': -1.0, 'mse': 0.48659, 'rmse': 0.68671, 'trivial_loss': 0.6727053881031406}
...computing epoch stats took: 0.07s
val: {'epoch': 2, 'time_epoch': 6.18162, 'loss': 0.38782188, 'lr': 0, 'params': 492871, 'time_iter': 0.08468, 'mae': 0.38782, 'r2': 0.58518, 'spearmanr': 0.88534, 'pearson': -1.0, 'mse': 0.38934, 'rmse': 0.60956}
...computing epoch stats took: 0.02s
test: {'epoch': 2, 'time_epoch': 6.18589, 'loss': 0.3906631, 'lr': 0, 'params': 492871, 'time_iter': 0.08474, 'mae': 0.39066, 'r2': 0.6018, 'spearmanr': 0.88753, 'pearson': -1.0, 'mse': 0.40413, 'rmse': 0.62107}
...computing epoch stats took: 0.02s
> Epoch 2: took 57.1s (avg 58.1s) | Best so far: epoch 2	train_loss: 0.3560 train_mae: 0.3560	val_loss: 0.3878 val_mae: 0.3878	test_loss: 0.3907 test_mae: 0.3907
train: {'epoch': 3, 'time_epoch': 44.61648, 'eta': 4332.12943, 'eta_hours': 1.20337, 'loss': 0.34448845, 'lr': nan, 'params': 492871, 'time_iter': 0.13122, 'mae': 0.34449, 'r2': 0.55147, 'spearmanr': 0.87405, 'pearson': -1.0, 'mse': 0.45341, 'rmse': 0.66164, 'trivial_loss': 0.6727677832572493}
val: {'epoch': 3, 'time_epoch': 6.18195, 'loss': 0.43262328, 'lr': 0, 'params': 492871, 'time_iter': 0.08468, 'mae': 0.43262, 'r2': 0.33198, 'spearmanr': 0.8792, 'pearson': -1.0, 'mse': 0.61855, 'rmse': 0.77445}
test: {'epoch': 3, 'time_epoch': 6.19634, 'loss': 0.44617, 'lr': 0, 'params': 492871, 'time_iter': 0.08488, 'mae': 0.44617, 'r2': 0.33143, 'spearmanr': 0.87952, 'pearson': -1.0, 'mse': 0.67973, 'rmse': 0.8095}
> Epoch 3: took 57.1s (avg 57.9s) | Best so far: epoch 2	train_loss: 0.3560 train_mae: 0.3560	val_loss: 0.3878 val_mae: 0.3878	test_loss: 0.3907 test_mae: 0.3907
train: {'epoch': 4, 'time_epoch': 44.59037, 'eta': 4276.81956, 'eta_hours': 1.18801, 'loss': 0.33410542, 'lr': nan, 'params': 492871, 'time_iter': 0.13115, 'mae': 0.33411, 'r2': 0.58033, 'spearmanr': 0.87667, 'pearson': -1.0, 'mse': 0.42418, 'rmse': 0.63849, 'trivial_loss': 0.6735869244249482}
val: {'epoch': 4, 'time_epoch': 6.17974, 'loss': 0.80343931, 'lr': 0, 'params': 492871, 'time_iter': 0.08465, 'mae': 0.80344, 'r2': -0.48868, 'spearmanr': 0.888, 'pearson': -1.0, 'mse': 1.38139, 'rmse': 1.16256}
test: {'epoch': 4, 'time_epoch': 6.19385, 'loss': 0.7987512, 'lr': 0, 'params': 492871, 'time_iter': 0.08485, 'mae': 0.79875, 'r2': -0.36462, 'spearmanr': 0.88964, 'pearson': -1.0, 'mse': 1.38264, 'rmse': 1.16352}
> Epoch 4: took 57.1s (avg 57.7s) | Best so far: epoch 2	train_loss: 0.3560 train_mae: 0.3560	val_loss: 0.3878 val_mae: 0.3878	test_loss: 0.3907 test_mae: 0.3907
train: {'epoch': 5, 'time_epoch': 44.65854, 'eta': 4226.15077, 'eta_hours': 1.17393, 'loss': 0.33002754, 'lr': nan, 'params': 492871, 'time_iter': 0.13135, 'mae': 0.33003, 'r2': 0.59539, 'spearmanr': 0.87755, 'pearson': -1.0, 'mse': 0.40892, 'rmse': 0.62622, 'trivial_loss': 0.6728161303673389}
val: {'epoch': 5, 'time_epoch': 6.182, 'loss': 0.80139509, 'lr': 0, 'params': 492871, 'time_iter': 0.08468, 'mae': 0.80139, 'r2': -0.62367, 'spearmanr': 0.88696, 'pearson': -1.0, 'mse': 1.50587, 'rmse': 1.21092}
test: {'epoch': 5, 'time_epoch': 6.20008, 'loss': 0.79947527, 'lr': 0, 'params': 492871, 'time_iter': 0.08493, 'mae': 0.79948, 'r2': -0.49994, 'spearmanr': 0.88886, 'pearson': -1.0, 'mse': 1.52293, 'rmse': 1.21792}
> Epoch 5: took 57.2s (avg 57.6s) | Best so far: epoch 2	train_loss: 0.3560 train_mae: 0.3560	val_loss: 0.3878 val_mae: 0.3878	test_loss: 0.3907 test_mae: 0.3907
train: {'epoch': 6, 'time_epoch': 44.72457, 'eta': 4178.07646, 'eta_hours': 1.16058, 'loss': 0.32431917, 'lr': nan, 'params': 492871, 'time_iter': 0.13154, 'mae': 0.32432, 'r2': 0.60899, 'spearmanr': 0.87962, 'pearson': -1.0, 'mse': 0.39513, 'rmse': 0.61465, 'trivial_loss': 0.6736673004962939}
val: {'epoch': 6, 'time_epoch': 6.18162, 'loss': 0.47242894, 'lr': 0, 'params': 492871, 'time_iter': 0.08468, 'mae': 0.47243, 'r2': 0.25737, 'spearmanr': 0.88489, 'pearson': -1.0, 'mse': 0.68913, 'rmse': 0.82403}
test: {'epoch': 6, 'time_epoch': 6.25368, 'loss': 0.48696779, 'lr': 0, 'params': 492871, 'time_iter': 0.08567, 'mae': 0.48697, 'r2': 0.25503, 'spearmanr': 0.88385, 'pearson': -1.0, 'mse': 0.75539, 'rmse': 0.86081}
> Epoch 6: took 57.3s (avg 57.6s) | Best so far: epoch 2	train_loss: 0.3560 train_mae: 0.3560	val_loss: 0.3878 val_mae: 0.3878	test_loss: 0.3907 test_mae: 0.3907
train: {'epoch': 7, 'time_epoch': 44.78236, 'eta': 4131.50413, 'eta_hours': 1.14764, 'loss': 0.3258691, 'lr': nan, 'params': 492871, 'time_iter': 0.13171, 'mae': 0.32587, 'r2': 0.6133, 'spearmanr': 0.87901, 'pearson': -1.0, 'mse': 0.39076, 'rmse': 0.61156, 'trivial_loss': 0.6728586479699415}
val: {'epoch': 7, 'time_epoch': 6.20699, 'loss': 0.81836538, 'lr': 0, 'params': 492871, 'time_iter': 0.08503, 'mae': 0.81837, 'r2': -0.70501, 'spearmanr': 0.8899, 'pearson': -1.0, 'mse': 1.58174, 'rmse': 1.24178}
test: {'epoch': 7, 'time_epoch': 6.20301, 'loss': 0.8177725, 'lr': 0, 'params': 492871, 'time_iter': 0.08497, 'mae': 0.81777, 'r2': -0.58872, 'spearmanr': 0.89098, 'pearson': -1.0, 'mse': 1.60747, 'rmse': 1.25244}
> Epoch 7: took 57.3s (avg 57.5s) | Best so far: epoch 2	train_loss: 0.3560 train_mae: 0.3560	val_loss: 0.3878 val_mae: 0.3878	test_loss: 0.3907 test_mae: 0.3907
train: {'epoch': 8, 'time_epoch': 44.86258, 'eta': 4086.14074, 'eta_hours': 1.13504, 'loss': 0.32022988, 'lr': nan, 'params': 492871, 'time_iter': 0.13195, 'mae': 0.32023, 'r2': 0.62051, 'spearmanr': 0.88141, 'pearson': -1.0, 'mse': 0.38347, 'rmse': 0.60595, 'trivial_loss': 0.6727401936360119}
val: {'epoch': 8, 'time_epoch': 6.18863, 'loss': 0.29186433, 'lr': 0, 'params': 492871, 'time_iter': 0.08478, 'mae': 0.29186, 'r2': 0.6857, 'spearmanr': 0.89219, 'pearson': -1.0, 'mse': 0.29442, 'rmse': 0.52485}
test: {'epoch': 8, 'time_epoch': 6.19911, 'loss': 0.30121365, 'lr': 0, 'params': 492871, 'time_iter': 0.08492, 'mae': 0.30121, 'r2': 0.68858, 'spearmanr': 0.89176, 'pearson': -1.0, 'mse': 0.31645, 'rmse': 0.54413}
> Epoch 8: took 57.4s (avg 57.5s) | Best so far: epoch 8	train_loss: 0.3202 train_mae: 0.3202	val_loss: 0.2919 val_mae: 0.2919	test_loss: 0.3012 test_mae: 0.3012
train: {'epoch': 9, 'time_epoch': 44.82697, 'eta': 4040.55702, 'eta_hours': 1.12238, 'loss': 0.32175954, 'lr': nan, 'params': 492871, 'time_iter': 0.13184, 'mae': 0.32176, 'r2': 0.62056, 'spearmanr': 0.88118, 'pearson': -1.0, 'mse': 0.38343, 'rmse': 0.60536, 'trivial_loss': 0.6732829659533108}
val: {'epoch': 9, 'time_epoch': 6.19154, 'loss': 0.32764822, 'lr': 0, 'params': 492871, 'time_iter': 0.08482, 'mae': 0.32765, 'r2': 0.57874, 'spearmanr': 0.89299, 'pearson': -1.0, 'mse': 0.39136, 'rmse': 0.61223}
test: {'epoch': 9, 'time_epoch': 6.19639, 'loss': 0.3395862, 'lr': 0, 'params': 492871, 'time_iter': 0.08488, 'mae': 0.33959, 'r2': 0.57684, 'spearmanr': 0.89272, 'pearson': -1.0, 'mse': 0.43033, 'rmse': 0.6409}
> Epoch 9: took 57.3s (avg 57.5s) | Best so far: epoch 8	train_loss: 0.3202 train_mae: 0.3202	val_loss: 0.2919 val_mae: 0.2919	test_loss: 0.3012 test_mae: 0.3012
train: {'epoch': 10, 'time_epoch': 44.85415, 'eta': 3995.33079, 'eta_hours': 1.10981, 'loss': 0.31725669, 'lr': nan, 'params': 492871, 'time_iter': 0.13192, 'mae': 0.31726, 'r2': 0.63183, 'spearmanr': 0.88265, 'pearson': -1.0, 'mse': 0.37196, 'rmse': 0.59443, 'trivial_loss': 0.6729371363781396}
val: {'epoch': 10, 'time_epoch': 6.19703, 'loss': 0.44050174, 'lr': 0, 'params': 492871, 'time_iter': 0.08489, 'mae': 0.4405, 'r2': 0.31242, 'spearmanr': 0.8885, 'pearson': -1.0, 'mse': 0.63667, 'rmse': 0.7853}
test: {'epoch': 10, 'time_epoch': 6.20349, 'loss': 0.45303976, 'lr': 0, 'params': 492871, 'time_iter': 0.08498, 'mae': 0.45304, 'r2': 0.31036, 'spearmanr': 0.88709, 'pearson': -1.0, 'mse': 0.70127, 'rmse': 0.82185}
> Epoch 10: took 57.4s (avg 57.5s) | Best so far: epoch 8	train_loss: 0.3202 train_mae: 0.3202	val_loss: 0.2919 val_mae: 0.2919	test_loss: 0.3012 test_mae: 0.3012
train: {'epoch': 11, 'time_epoch': 44.8375, 'eta': 3950.04445, 'eta_hours': 1.09723, 'loss': 0.31719699, 'lr': nan, 'params': 492871, 'time_iter': 0.13187, 'mae': 0.3172, 'r2': 0.63283, 'spearmanr': 0.882, 'pearson': -1.0, 'mse': 0.37096, 'rmse': 0.5941, 'trivial_loss': 0.6715387162624568}
val: {'epoch': 11, 'time_epoch': 6.19524, 'loss': 0.33491344, 'lr': 0, 'params': 492871, 'time_iter': 0.08487, 'mae': 0.33491, 'r2': 0.58528, 'spearmanr': 0.89384, 'pearson': -1.0, 'mse': 0.38519, 'rmse': 0.60386}
test: {'epoch': 11, 'time_epoch': 6.19584, 'loss': 0.34700837, 'lr': 0, 'params': 492871, 'time_iter': 0.08487, 'mae': 0.34701, 'r2': 0.5847, 'spearmanr': 0.89302, 'pearson': -1.0, 'mse': 0.42272, 'rmse': 0.63197}
> Epoch 11: took 57.3s (avg 57.5s) | Best so far: epoch 8	train_loss: 0.3202 train_mae: 0.3202	val_loss: 0.2919 val_mae: 0.2919	test_loss: 0.3012 test_mae: 0.3012
train: {'epoch': 12, 'time_epoch': 44.87846, 'eta': 3905.1013, 'eta_hours': 1.08475, 'loss': 0.31779139, 'lr': nan, 'params': 492871, 'time_iter': 0.132, 'mae': 0.31779, 'r2': 0.63029, 'spearmanr': 0.88122, 'pearson': -1.0, 'mse': 0.37354, 'rmse': 0.59694, 'trivial_loss': 0.6725394220314019}
val: {'epoch': 12, 'time_epoch': 6.19055, 'loss': 0.29151773, 'lr': 0, 'params': 492871, 'time_iter': 0.0848, 'mae': 0.29152, 'r2': 0.69408, 'spearmanr': 0.89571, 'pearson': -1.0, 'mse': 0.28768, 'rmse': 0.51307}
test: {'epoch': 12, 'time_epoch': 6.20723, 'loss': 0.30038288, 'lr': 0, 'params': 492871, 'time_iter': 0.08503, 'mae': 0.30038, 'r2': 0.69854, 'spearmanr': 0.89571, 'pearson': -1.0, 'mse': 0.3062, 'rmse': 0.53069}
> Epoch 12: took 57.4s (avg 57.5s) | Best so far: epoch 12	train_loss: 0.3178 train_mae: 0.3178	val_loss: 0.2915 val_mae: 0.2915	test_loss: 0.3004 test_mae: 0.3004
train: {'epoch': 13, 'time_epoch': 44.85996, 'eta': 3860.05375, 'eta_hours': 1.07224, 'loss': 0.31608219, 'lr': nan, 'params': 492871, 'time_iter': 0.13194, 'mae': 0.31608, 'r2': 0.63303, 'spearmanr': 0.88274, 'pearson': -1.0, 'mse': 0.37077, 'rmse': 0.59427, 'trivial_loss': 0.6728718713478212}
val: {'epoch': 13, 'time_epoch': 6.19749, 'loss': 0.35260542, 'lr': 0, 'params': 492871, 'time_iter': 0.0849, 'mae': 0.35261, 'r2': 0.5242, 'spearmanr': 0.8913, 'pearson': -1.0, 'mse': 0.44092, 'rmse': 0.64504}
test: {'epoch': 13, 'time_epoch': 6.20832, 'loss': 0.36549388, 'lr': 0, 'params': 492871, 'time_iter': 0.08505, 'mae': 0.36549, 'r2': 0.5208, 'spearmanr': 0.88986, 'pearson': -1.0, 'mse': 0.48838, 'rmse': 0.67734}
> Epoch 13: took 57.4s (avg 57.5s) | Best so far: epoch 12	train_loss: 0.3178 train_mae: 0.3178	val_loss: 0.2915 val_mae: 0.2915	test_loss: 0.3004 test_mae: 0.3004
train: {'epoch': 14, 'time_epoch': 44.85409, 'eta': 3814.99797, 'eta_hours': 1.05972, 'loss': 0.31239467, 'lr': nan, 'params': 492871, 'time_iter': 0.13192, 'mae': 0.31239, 'r2': 0.63964, 'spearmanr': 0.88385, 'pearson': -1.0, 'mse': 0.36407, 'rmse': 0.58877, 'trivial_loss': 0.6730971962726073}
val: {'epoch': 14, 'time_epoch': 6.19856, 'loss': 0.2843202, 'lr': 0, 'params': 492871, 'time_iter': 0.08491, 'mae': 0.28432, 'r2': 0.69304, 'spearmanr': 0.89622, 'pearson': -1.0, 'mse': 0.28724, 'rmse': 0.51855}
test: {'epoch': 14, 'time_epoch': 6.20555, 'loss': 0.29386212, 'lr': 0, 'params': 492871, 'time_iter': 0.08501, 'mae': 0.29386, 'r2': 0.69662, 'spearmanr': 0.89602, 'pearson': -1.0, 'mse': 0.30822, 'rmse': 0.53807}
> Epoch 14: took 57.4s (avg 57.5s) | Best so far: epoch 14	train_loss: 0.3124 train_mae: 0.3124	val_loss: 0.2843 val_mae: 0.2843	test_loss: 0.2939 test_mae: 0.2939
train: {'epoch': 15, 'time_epoch': 44.85878, 'eta': 3769.99203, 'eta_hours': 1.04722, 'loss': 0.3143885, 'lr': nan, 'params': 492871, 'time_iter': 0.13194, 'mae': 0.31439, 'r2': 0.63459, 'spearmanr': 0.88317, 'pearson': -1.0, 'mse': 0.36919, 'rmse': 0.59319, 'trivial_loss': 0.6731952355360356}
val: {'epoch': 15, 'time_epoch': 6.18998, 'loss': 0.31662205, 'lr': 0, 'params': 492871, 'time_iter': 0.08479, 'mae': 0.31662, 'r2': 0.61624, 'spearmanr': 0.8968, 'pearson': -1.0, 'mse': 0.35785, 'rmse': 0.58702}
test: {'epoch': 15, 'time_epoch': 6.20698, 'loss': 0.32833095, 'lr': 0, 'params': 492871, 'time_iter': 0.08503, 'mae': 0.32833, 'r2': 0.61509, 'spearmanr': 0.89626, 'pearson': -1.0, 'mse': 0.391, 'rmse': 0.61353}
> Epoch 15: took 57.4s (avg 57.5s) | Best so far: epoch 14	train_loss: 0.3124 train_mae: 0.3124	val_loss: 0.2843 val_mae: 0.2843	test_loss: 0.2939 test_mae: 0.2939
train: {'epoch': 16, 'time_epoch': 44.87254, 'eta': 3725.07058, 'eta_hours': 1.03474, 'loss': 0.31125896, 'lr': nan, 'params': 492871, 'time_iter': 0.13198, 'mae': 0.31126, 'r2': 0.63885, 'spearmanr': 0.8848, 'pearson': -1.0, 'mse': 0.36488, 'rmse': 0.58945, 'trivial_loss': 0.6735654685563724}
val: {'epoch': 16, 'time_epoch': 6.19268, 'loss': 0.32152788, 'lr': 0, 'params': 492871, 'time_iter': 0.08483, 'mae': 0.32153, 'r2': 0.58247, 'spearmanr': 0.89647, 'pearson': -1.0, 'mse': 0.3874, 'rmse': 0.60656}
test: {'epoch': 16, 'time_epoch': 6.20713, 'loss': 0.33449744, 'lr': 0, 'params': 492871, 'time_iter': 0.08503, 'mae': 0.3345, 'r2': 0.5777, 'spearmanr': 0.89605, 'pearson': -1.0, 'mse': 0.4299, 'rmse': 0.63829}
> Epoch 16: took 57.4s (avg 57.4s) | Best so far: epoch 14	train_loss: 0.3124 train_mae: 0.3124	val_loss: 0.2843 val_mae: 0.2843	test_loss: 0.2939 test_mae: 0.2939
train: {'epoch': 17, 'time_epoch': 44.87068, 'eta': 3680.14607, 'eta_hours': 1.02226, 'loss': 0.31494917, 'lr': nan, 'params': 492871, 'time_iter': 0.13197, 'mae': 0.31495, 'r2': 0.63057, 'spearmanr': 0.88247, 'pearson': -1.0, 'mse': 0.37327, 'rmse': 0.59608, 'trivial_loss': 0.6724262441913875}
val: {'epoch': 17, 'time_epoch': 6.1974, 'loss': 0.35348155, 'lr': 0, 'params': 492871, 'time_iter': 0.0849, 'mae': 0.35348, 'r2': 0.56516, 'spearmanr': 0.89679, 'pearson': -1.0, 'mse': 0.40627, 'rmse': 0.63043}
test: {'epoch': 17, 'time_epoch': 6.2014, 'loss': 0.36352598, 'lr': 0, 'params': 492871, 'time_iter': 0.08495, 'mae': 0.36353, 'r2': 0.58377, 'spearmanr': 0.89571, 'pearson': -1.0, 'mse': 0.42123, 'rmse': 0.64244}
> Epoch 17: took 57.4s (avg 57.4s) | Best so far: epoch 14	train_loss: 0.3124 train_mae: 0.3124	val_loss: 0.2843 val_mae: 0.2843	test_loss: 0.2939 test_mae: 0.2939
train: {'epoch': 18, 'time_epoch': 44.86019, 'eta': 3635.18251, 'eta_hours': 1.00977, 'loss': 0.31258091, 'lr': nan, 'params': 492871, 'time_iter': 0.13194, 'mae': 0.31258, 'r2': 0.63716, 'spearmanr': 0.88355, 'pearson': -1.0, 'mse': 0.3666, 'rmse': 0.59069, 'trivial_loss': 0.6723657780558427}
val: {'epoch': 18, 'time_epoch': 6.23684, 'loss': 0.81639707, 'lr': 0, 'params': 492871, 'time_iter': 0.08544, 'mae': 0.8164, 'r2': -0.907, 'spearmanr': 0.89259, 'pearson': -1.0, 'mse': 1.76544, 'rmse': 1.30113}
test: {'epoch': 18, 'time_epoch': 6.20664, 'loss': 0.82122265, 'lr': 0, 'params': 492871, 'time_iter': 0.08502, 'mae': 0.82122, 'r2': -0.80273, 'spearmanr': 0.89311, 'pearson': -1.0, 'mse': 1.81669, 'rmse': 1.31996}
> Epoch 18: took 57.4s (avg 57.4s) | Best so far: epoch 14	train_loss: 0.3124 train_mae: 0.3124	val_loss: 0.2843 val_mae: 0.2843	test_loss: 0.2939 test_mae: 0.2939
train: {'epoch': 19, 'time_epoch': 45.10648, 'eta': 3591.21444, 'eta_hours': 0.99756, 'loss': 0.31197334, 'lr': nan, 'params': 492871, 'time_iter': 0.13267, 'mae': 0.31197, 'r2': 0.63106, 'spearmanr': 0.88462, 'pearson': -1.0, 'mse': 0.3728, 'rmse': 0.5961, 'trivial_loss': 0.6730521476598779}
val: {'epoch': 19, 'time_epoch': 6.20334, 'loss': 0.5269173, 'lr': 0, 'params': 492871, 'time_iter': 0.08498, 'mae': 0.52692, 'r2': 0.00793, 'spearmanr': 0.89579, 'pearson': -1.0, 'mse': 0.91475, 'rmse': 0.93633}
test: {'epoch': 19, 'time_epoch': 6.20971, 'loss': 0.53663289, 'lr': 0, 'params': 492871, 'time_iter': 0.08506, 'mae': 0.53663, 'r2': 0.07556, 'spearmanr': 0.89587, 'pearson': -1.0, 'mse': 0.94015, 'rmse': 0.95084}
> Epoch 19: took 57.6s (avg 57.5s) | Best so far: epoch 14	train_loss: 0.3124 train_mae: 0.3124	val_loss: 0.2843 val_mae: 0.2843	test_loss: 0.2939 test_mae: 0.2939
train: {'epoch': 20, 'time_epoch': 44.8338, 'eta': 3546.11215, 'eta_hours': 0.98503, 'loss': 0.31148898, 'lr': nan, 'params': 492871, 'time_iter': 0.13186, 'mae': 0.31149, 'r2': 0.63889, 'spearmanr': 0.88456, 'pearson': -1.0, 'mse': 0.36485, 'rmse': 0.5892, 'trivial_loss': 0.6732585146018644}
val: {'epoch': 20, 'time_epoch': 6.20285, 'loss': 0.28196198, 'lr': 0, 'params': 492871, 'time_iter': 0.08497, 'mae': 0.28196, 'r2': 0.70989, 'spearmanr': 0.8976, 'pearson': -1.0, 'mse': 0.27224, 'rmse': 0.50399}
test: {'epoch': 20, 'time_epoch': 6.21039, 'loss': 0.29185983, 'lr': 0, 'params': 492871, 'time_iter': 0.08507, 'mae': 0.29186, 'r2': 0.71463, 'spearmanr': 0.89666, 'pearson': -1.0, 'mse': 0.28958, 'rmse': 0.52112}
> Epoch 20: took 57.4s (avg 57.4s) | Best so far: epoch 20	train_loss: 0.3115 train_mae: 0.3115	val_loss: 0.2820 val_mae: 0.2820	test_loss: 0.2919 test_mae: 0.2919
train: {'epoch': 21, 'time_epoch': 44.83736, 'eta': 3501.04691, 'eta_hours': 0.97251, 'loss': 0.30920198, 'lr': nan, 'params': 492871, 'time_iter': 0.13187, 'mae': 0.3092, 'r2': 0.64041, 'spearmanr': 0.8859, 'pearson': -1.0, 'mse': 0.36331, 'rmse': 0.58838, 'trivial_loss': 0.6739808079631306}
val: {'epoch': 21, 'time_epoch': 6.22569, 'loss': 0.63871014, 'lr': 0, 'params': 492871, 'time_iter': 0.08528, 'mae': 0.63871, 'r2': -0.39817, 'spearmanr': 0.89628, 'pearson': -1.0, 'mse': 1.28806, 'rmse': 1.11246}
test: {'epoch': 21, 'time_epoch': 6.25543, 'loss': 0.64982312, 'lr': 0, 'params': 492871, 'time_iter': 0.08569, 'mae': 0.64982, 'r2': -0.31398, 'spearmanr': 0.89601, 'pearson': -1.0, 'mse': 1.33261, 'rmse': 1.13242}
> Epoch 21: took 57.4s (avg 57.4s) | Best so far: epoch 20	train_loss: 0.3115 train_mae: 0.3115	val_loss: 0.2820 val_mae: 0.2820	test_loss: 0.2919 test_mae: 0.2919
train: {'epoch': 22, 'time_epoch': 44.64688, 'eta': 3455.36377, 'eta_hours': 0.95982, 'loss': 0.30841891, 'lr': nan, 'params': 492871, 'time_iter': 0.13131, 'mae': 0.30842, 'r2': 0.64493, 'spearmanr': 0.88642, 'pearson': -1.0, 'mse': 0.35873, 'rmse': 0.58412, 'trivial_loss': 0.6735240961243847}
val: {'epoch': 22, 'time_epoch': 6.17988, 'loss': 0.47037896, 'lr': 0, 'params': 492871, 'time_iter': 0.08466, 'mae': 0.47038, 'r2': 0.21939, 'spearmanr': 0.89773, 'pearson': -1.0, 'mse': 0.72251, 'rmse': 0.8401}
test: {'epoch': 22, 'time_epoch': 6.19606, 'loss': 0.48126665, 'lr': 0, 'params': 492871, 'time_iter': 0.08488, 'mae': 0.48127, 'r2': 0.26308, 'spearmanr': 0.89667, 'pearson': -1.0, 'mse': 0.747, 'rmse': 0.85538}
> Epoch 22: took 57.1s (avg 57.4s) | Best so far: epoch 20	train_loss: 0.3115 train_mae: 0.3115	val_loss: 0.2820 val_mae: 0.2820	test_loss: 0.2919 test_mae: 0.2919
train: {'epoch': 23, 'time_epoch': 44.61819, 'eta': 3409.67614, 'eta_hours': 0.94713, 'loss': 0.30834238, 'lr': nan, 'params': 492871, 'time_iter': 0.13123, 'mae': 0.30834, 'r2': 0.64056, 'spearmanr': 0.88708, 'pearson': -1.0, 'mse': 0.36318, 'rmse': 0.58772, 'trivial_loss': 0.6731295893385911}
val: {'epoch': 23, 'time_epoch': 6.1889, 'loss': 0.27479313, 'lr': 0, 'params': 492871, 'time_iter': 0.08478, 'mae': 0.27479, 'r2': 0.70328, 'spearmanr': 0.89846, 'pearson': -1.0, 'mse': 0.27809, 'rmse': 0.50906}
test: {'epoch': 23, 'time_epoch': 6.20233, 'loss': 0.28537678, 'lr': 0, 'params': 492871, 'time_iter': 0.08496, 'mae': 0.28538, 'r2': 0.71028, 'spearmanr': 0.89796, 'pearson': -1.0, 'mse': 0.29413, 'rmse': 0.52513}
> Epoch 23: took 57.1s (avg 57.4s) | Best so far: epoch 23	train_loss: 0.3083 train_mae: 0.3083	val_loss: 0.2748 val_mae: 0.2748	test_loss: 0.2854 test_mae: 0.2854
train: {'epoch': 24, 'time_epoch': 44.61806, 'eta': 3364.07368, 'eta_hours': 0.93446, 'loss': 0.30868209, 'lr': nan, 'params': 492871, 'time_iter': 0.13123, 'mae': 0.30868, 'r2': 0.64333, 'spearmanr': 0.88572, 'pearson': -1.0, 'mse': 0.36036, 'rmse': 0.58622, 'trivial_loss': 0.6723950421219201}
val: {'epoch': 24, 'time_epoch': 6.18712, 'loss': 1.46236358, 'lr': 0, 'params': 492871, 'time_iter': 0.08476, 'mae': 1.46236, 'r2': -5.21151, 'spearmanr': 0.8902, 'pearson': -1.0, 'mse': 5.68921, 'rmse': 2.28609}
test: {'epoch': 24, 'time_epoch': 6.20029, 'loss': 1.46010703, 'lr': 0, 'params': 492871, 'time_iter': 0.08494, 'mae': 1.46011, 'r2': -4.72839, 'spearmanr': 0.89069, 'pearson': -1.0, 'mse': 5.8225, 'rmse': 2.31189}
> Epoch 24: took 57.1s (avg 57.4s) | Best so far: epoch 23	train_loss: 0.3083 train_mae: 0.3083	val_loss: 0.2748 val_mae: 0.2748	test_loss: 0.2854 test_mae: 0.2854
train: {'epoch': 25, 'time_epoch': 44.70847, 'eta': 3318.80427, 'eta_hours': 0.92189, 'loss': 0.30919065, 'lr': nan, 'params': 492871, 'time_iter': 0.1315, 'mae': 0.30919, 'r2': 0.64201, 'spearmanr': 0.88667, 'pearson': -1.0, 'mse': 0.36171, 'rmse': 0.5874, 'trivial_loss': 0.6740958979593998}
val: {'epoch': 25, 'time_epoch': 6.17164, 'loss': 0.39319441, 'lr': 0, 'params': 492871, 'time_iter': 0.08454, 'mae': 0.39319, 'r2': 0.50382, 'spearmanr': 0.89852, 'pearson': -1.0, 'mse': 0.46422, 'rmse': 0.67186}
test: {'epoch': 25, 'time_epoch': 6.18764, 'loss': 0.40407942, 'lr': 0, 'params': 492871, 'time_iter': 0.08476, 'mae': 0.40408, 'r2': 0.52285, 'spearmanr': 0.89675, 'pearson': -1.0, 'mse': 0.47961, 'rmse': 0.68177}
> Epoch 25: took 57.2s (avg 57.4s) | Best so far: epoch 23	train_loss: 0.3083 train_mae: 0.3083	val_loss: 0.2748 val_mae: 0.2748	test_loss: 0.2854 test_mae: 0.2854
train: {'epoch': 26, 'time_epoch': 44.71205, 'eta': 3273.58607, 'eta_hours': 0.90933, 'loss': 0.30591644, 'lr': nan, 'params': 492871, 'time_iter': 0.13151, 'mae': 0.30592, 'r2': 0.64671, 'spearmanr': 0.88748, 'pearson': -1.0, 'mse': 0.35695, 'rmse': 0.58329, 'trivial_loss': 0.6741712553064989}
val: {'epoch': 26, 'time_epoch': 6.16816, 'loss': 0.27225967, 'lr': 0, 'params': 492871, 'time_iter': 0.0845, 'mae': 0.27226, 'r2': 0.71757, 'spearmanr': 0.89938, 'pearson': -1.0, 'mse': 0.26479, 'rmse': 0.49452}
test: {'epoch': 26, 'time_epoch': 6.19088, 'loss': 0.28177606, 'lr': 0, 'params': 492871, 'time_iter': 0.08481, 'mae': 0.28178, 'r2': 0.72182, 'spearmanr': 0.89877, 'pearson': -1.0, 'mse': 0.28259, 'rmse': 0.51215}
> Epoch 26: took 57.2s (avg 57.4s) | Best so far: epoch 26	train_loss: 0.3059 train_mae: 0.3059	val_loss: 0.2723 val_mae: 0.2723	test_loss: 0.2818 test_mae: 0.2818
train: {'epoch': 27, 'time_epoch': 44.66931, 'eta': 3228.29413, 'eta_hours': 0.89675, 'loss': 0.30597578, 'lr': nan, 'params': 492871, 'time_iter': 0.13138, 'mae': 0.30598, 'r2': 0.64667, 'spearmanr': 0.88718, 'pearson': -1.0, 'mse': 0.35699, 'rmse': 0.58303, 'trivial_loss': 0.6731552651096682}
val: {'epoch': 27, 'time_epoch': 6.20136, 'loss': 0.83789182, 'lr': 0, 'params': 492871, 'time_iter': 0.08495, 'mae': 0.83789, 'r2': -1.20577, 'spearmanr': 0.89501, 'pearson': -1.0, 'mse': 2.03237, 'rmse': 1.37787}
test: {'epoch': 27, 'time_epoch': 6.20201, 'loss': 0.84624055, 'lr': 0, 'params': 492871, 'time_iter': 0.08496, 'mae': 0.84624, 'r2': -1.08246, 'spearmanr': 0.8947, 'pearson': -1.0, 'mse': 2.09924, 'rmse': 1.40026}
> Epoch 27: took 57.2s (avg 57.4s) | Best so far: epoch 26	train_loss: 0.3059 train_mae: 0.3059	val_loss: 0.2723 val_mae: 0.2723	test_loss: 0.2818 test_mae: 0.2818
train: {'epoch': 28, 'time_epoch': 44.68728, 'eta': 3183.08914, 'eta_hours': 0.88419, 'loss': 0.3093808, 'lr': nan, 'params': 492871, 'time_iter': 0.13143, 'mae': 0.30938, 'r2': 0.6441, 'spearmanr': 0.88589, 'pearson': -1.0, 'mse': 0.35958, 'rmse': 0.5861, 'trivial_loss': 0.6721311199361373}
val: {'epoch': 28, 'time_epoch': 6.1949, 'loss': 0.39837555, 'lr': 0, 'params': 492871, 'time_iter': 0.08486, 'mae': 0.39838, 'r2': 0.45795, 'spearmanr': 0.89898, 'pearson': -1.0, 'mse': 0.50385, 'rmse': 0.70045}
test: {'epoch': 28, 'time_epoch': 6.2012, 'loss': 0.40273868, 'lr': 0, 'params': 492871, 'time_iter': 0.08495, 'mae': 0.40274, 'r2': 0.50905, 'spearmanr': 0.89806, 'pearson': -1.0, 'mse': 0.49855, 'rmse': 0.69838}
> Epoch 28: took 57.2s (avg 57.4s) | Best so far: epoch 26	train_loss: 0.3059 train_mae: 0.3059	val_loss: 0.2723 val_mae: 0.2723	test_loss: 0.2818 test_mae: 0.2818
train: {'epoch': 29, 'time_epoch': 44.64836, 'eta': 3137.82784, 'eta_hours': 0.87162, 'loss': 0.30744783, 'lr': nan, 'params': 492871, 'time_iter': 0.13132, 'mae': 0.30745, 'r2': 0.63825, 'spearmanr': 0.88778, 'pearson': -1.0, 'mse': 0.36555, 'rmse': 0.59028, 'trivial_loss': 0.6736306076730437}
val: {'epoch': 29, 'time_epoch': 6.17365, 'loss': 1.30431758, 'lr': 0, 'params': 492871, 'time_iter': 0.08457, 'mae': 1.30432, 'r2': -4.42121, 'spearmanr': 0.89263, 'pearson': -1.0, 'mse': 4.9675, 'rmse': 2.13206}
test: {'epoch': 29, 'time_epoch': 6.2019, 'loss': 1.3146001, 'lr': 0, 'params': 492871, 'time_iter': 0.08496, 'mae': 1.3146, 'r2': -4.07558, 'spearmanr': 0.89226, 'pearson': -1.0, 'mse': 5.1524, 'rmse': 2.17092}
> Epoch 29: took 57.1s (avg 57.4s) | Best so far: epoch 26	train_loss: 0.3059 train_mae: 0.3059	val_loss: 0.2723 val_mae: 0.2723	test_loss: 0.2818 test_mae: 0.2818
train: {'epoch': 30, 'time_epoch': 44.65206, 'eta': 3092.61433, 'eta_hours': 0.85906, 'loss': 0.30312341, 'lr': nan, 'params': 492871, 'time_iter': 0.13133, 'mae': 0.30312, 'r2': 0.6529, 'spearmanr': 0.88889, 'pearson': -1.0, 'mse': 0.35069, 'rmse': 0.57804, 'trivial_loss': 0.6732934178988519}
val: {'epoch': 30, 'time_epoch': 6.18311, 'loss': 2.90330362, 'lr': 0, 'params': 492871, 'time_iter': 0.0847, 'mae': 2.9033, 'r2': -21.57502, 'spearmanr': 0.88325, 'pearson': -1.0, 'mse': 20.6267, 'rmse': 4.29313}
test: {'epoch': 30, 'time_epoch': 6.19785, 'loss': 2.8760599, 'lr': 0, 'params': 492871, 'time_iter': 0.0849, 'mae': 2.87606, 'r2': -19.43688, 'spearmanr': 0.8835, 'pearson': -1.0, 'mse': 20.79131, 'rmse': 4.30951}
> Epoch 30: took 57.2s (avg 57.4s) | Best so far: epoch 26	train_loss: 0.3059 train_mae: 0.3059	val_loss: 0.2723 val_mae: 0.2723	test_loss: 0.2818 test_mae: 0.2818
train: {'epoch': 31, 'time_epoch': 44.67551, 'eta': 3047.48573, 'eta_hours': 0.84652, 'loss': 0.30331461, 'lr': nan, 'params': 492871, 'time_iter': 0.1314, 'mae': 0.30331, 'r2': 0.65151, 'spearmanr': 0.88933, 'pearson': -1.0, 'mse': 0.3521, 'rmse': 0.57975, 'trivial_loss': 0.6735372257344496}
val: {'epoch': 31, 'time_epoch': 6.17922, 'loss': 0.29513607, 'lr': 0, 'params': 492871, 'time_iter': 0.08465, 'mae': 0.29514, 'r2': 0.66039, 'spearmanr': 0.89931, 'pearson': -1.0, 'mse': 0.31872, 'rmse': 0.55284}
test: {'epoch': 31, 'time_epoch': 6.19455, 'loss': 0.30536302, 'lr': 0, 'params': 492871, 'time_iter': 0.08486, 'mae': 0.30536, 'r2': 0.66323, 'spearmanr': 0.89831, 'pearson': -1.0, 'mse': 0.34072, 'rmse': 0.57247}
> Epoch 31: took 57.2s (avg 57.4s) | Best so far: epoch 26	train_loss: 0.3059 train_mae: 0.3059	val_loss: 0.2723 val_mae: 0.2723	test_loss: 0.2818 test_mae: 0.2818
train: {'epoch': 32, 'time_epoch': 44.69397, 'eta': 3002.42207, 'eta_hours': 0.83401, 'loss': 0.30474953, 'lr': nan, 'params': 492871, 'time_iter': 0.13145, 'mae': 0.30475, 'r2': 0.64985, 'spearmanr': 0.88838, 'pearson': -1.0, 'mse': 0.35377, 'rmse': 0.58001, 'trivial_loss': 0.6731323139774736}
val: {'epoch': 32, 'time_epoch': 6.18137, 'loss': 0.29184934, 'lr': 0, 'params': 492871, 'time_iter': 0.08468, 'mae': 0.29185, 'r2': 0.68353, 'spearmanr': 0.90116, 'pearson': -1.0, 'mse': 0.29652, 'rmse': 0.52672}
test: {'epoch': 32, 'time_epoch': 6.19321, 'loss': 0.29917496, 'lr': 0, 'params': 492871, 'time_iter': 0.08484, 'mae': 0.29917, 'r2': 0.70631, 'spearmanr': 0.89977, 'pearson': -1.0, 'mse': 0.29815, 'rmse': 0.52966}
> Epoch 32: took 57.2s (avg 57.4s) | Best so far: epoch 26	train_loss: 0.3059 train_mae: 0.3059	val_loss: 0.2723 val_mae: 0.2723	test_loss: 0.2818 test_mae: 0.2818
train: {'epoch': 33, 'time_epoch': 44.65501, 'eta': 2957.30452, 'eta_hours': 0.82147, 'loss': 0.30476045, 'lr': nan, 'params': 492871, 'time_iter': 0.13134, 'mae': 0.30476, 'r2': 0.65089, 'spearmanr': 0.8887, 'pearson': -1.0, 'mse': 0.35273, 'rmse': 0.58016, 'trivial_loss': 0.6741503336540768}
val: {'epoch': 33, 'time_epoch': 6.18086, 'loss': 0.27470187, 'lr': 0, 'params': 492871, 'time_iter': 0.08467, 'mae': 0.2747, 'r2': 0.69453, 'spearmanr': 0.90043, 'pearson': -1.0, 'mse': 0.28552, 'rmse': 0.51676}
test: {'epoch': 33, 'time_epoch': 6.18982, 'loss': 0.28501616, 'lr': 0, 'params': 492871, 'time_iter': 0.08479, 'mae': 0.28502, 'r2': 0.69843, 'spearmanr': 0.89961, 'pearson': -1.0, 'mse': 0.30648, 'rmse': 0.53635}
> Epoch 33: took 57.1s (avg 57.3s) | Best so far: epoch 26	train_loss: 0.3059 train_mae: 0.3059	val_loss: 0.2723 val_mae: 0.2723	test_loss: 0.2818 test_mae: 0.2818
train: {'epoch': 34, 'time_epoch': 44.65383, 'eta': 2912.21123, 'eta_hours': 0.80895, 'loss': 0.30170837, 'lr': nan, 'params': 492871, 'time_iter': 0.13133, 'mae': 0.30171, 'r2': 0.65293, 'spearmanr': 0.88944, 'pearson': -1.0, 'mse': 0.35067, 'rmse': 0.57799, 'trivial_loss': 0.6732845462520856}
val: {'epoch': 34, 'time_epoch': 6.17966, 'loss': 0.28339127, 'lr': 0, 'params': 492871, 'time_iter': 0.08465, 'mae': 0.28339, 'r2': 0.68034, 'spearmanr': 0.90007, 'pearson': -1.0, 'mse': 0.29875, 'rmse': 0.53255}
test: {'epoch': 34, 'time_epoch': 6.19729, 'loss': 0.29283907, 'lr': 0, 'params': 492871, 'time_iter': 0.08489, 'mae': 0.29284, 'r2': 0.68464, 'spearmanr': 0.90006, 'pearson': -1.0, 'mse': 0.32004, 'rmse': 0.55182}
> Epoch 34: took 57.1s (avg 57.3s) | Best so far: epoch 26	train_loss: 0.3059 train_mae: 0.3059	val_loss: 0.2723 val_mae: 0.2723	test_loss: 0.2818 test_mae: 0.2818
train: {'epoch': 35, 'time_epoch': 44.66001, 'eta': 2867.15333, 'eta_hours': 0.79643, 'loss': 0.30315387, 'lr': nan, 'params': 492871, 'time_iter': 0.13135, 'mae': 0.30315, 'r2': 0.65464, 'spearmanr': 0.88941, 'pearson': -1.0, 'mse': 0.34894, 'rmse': 0.57717, 'trivial_loss': 0.6727713246984929}
val: {'epoch': 35, 'time_epoch': 6.19604, 'loss': 0.27814481, 'lr': 0, 'params': 492871, 'time_iter': 0.08488, 'mae': 0.27814, 'r2': 0.71077, 'spearmanr': 0.90068, 'pearson': -1.0, 'mse': 0.27168, 'rmse': 0.50286}
test: {'epoch': 35, 'time_epoch': 6.20101, 'loss': 0.28714773, 'lr': 0, 'params': 492871, 'time_iter': 0.08495, 'mae': 0.28715, 'r2': 0.72726, 'spearmanr': 0.89983, 'pearson': -1.0, 'mse': 0.27661, 'rmse': 0.50825}
> Epoch 35: took 57.2s (avg 57.3s) | Best so far: epoch 26	train_loss: 0.3059 train_mae: 0.3059	val_loss: 0.2723 val_mae: 0.2723	test_loss: 0.2818 test_mae: 0.2818
train: {'epoch': 36, 'time_epoch': 44.68276, 'eta': 2822.15566, 'eta_hours': 0.78393, 'loss': 0.30194554, 'lr': nan, 'params': 492871, 'time_iter': 0.13142, 'mae': 0.30195, 'r2': 0.64563, 'spearmanr': 0.88993, 'pearson': -1.0, 'mse': 0.35808, 'rmse': 0.58425, 'trivial_loss': 0.6738670012455992}
val: {'epoch': 36, 'time_epoch': 6.18202, 'loss': 0.27494419, 'lr': 0, 'params': 492871, 'time_iter': 0.08469, 'mae': 0.27494, 'r2': 0.72308, 'spearmanr': 0.9015, 'pearson': -1.0, 'mse': 0.26017, 'rmse': 0.49061}
test: {'epoch': 36, 'time_epoch': 6.19585, 'loss': 0.28411938, 'lr': 0, 'params': 492871, 'time_iter': 0.08487, 'mae': 0.28412, 'r2': 0.73237, 'spearmanr': 0.89987, 'pearson': -1.0, 'mse': 0.27151, 'rmse': 0.5025}
> Epoch 36: took 57.2s (avg 57.3s) | Best so far: epoch 26	train_loss: 0.3059 train_mae: 0.3059	val_loss: 0.2723 val_mae: 0.2723	test_loss: 0.2818 test_mae: 0.2818
train: {'epoch': 37, 'time_epoch': 44.72145, 'eta': 2777.23771, 'eta_hours': 0.77145, 'loss': 0.30265603, 'lr': nan, 'params': 492871, 'time_iter': 0.13153, 'mae': 0.30266, 'r2': 0.65182, 'spearmanr': 0.88932, 'pearson': -1.0, 'mse': 0.3518, 'rmse': 0.5792, 'trivial_loss': 0.6731425161952862}
val: {'epoch': 37, 'time_epoch': 6.18998, 'loss': 0.29832509, 'lr': 0, 'params': 492871, 'time_iter': 0.08479, 'mae': 0.29833, 'r2': 0.68252, 'spearmanr': 0.90162, 'pearson': -1.0, 'mse': 0.29748, 'rmse': 0.52432}
test: {'epoch': 37, 'time_epoch': 6.20583, 'loss': 0.30639305, 'lr': 0, 'params': 492871, 'time_iter': 0.08501, 'mae': 0.30639, 'r2': 0.70575, 'spearmanr': 0.90017, 'pearson': -1.0, 'mse': 0.29897, 'rmse': 0.5272}
> Epoch 37: took 57.2s (avg 57.3s) | Best so far: epoch 26	train_loss: 0.3059 train_mae: 0.3059	val_loss: 0.2723 val_mae: 0.2723	test_loss: 0.2818 test_mae: 0.2818
train: {'epoch': 38, 'time_epoch': 44.82344, 'eta': 2732.48936, 'eta_hours': 0.75902, 'loss': 0.30085211, 'lr': nan, 'params': 492871, 'time_iter': 0.13183, 'mae': 0.30085, 'r2': 0.65567, 'spearmanr': 0.8899, 'pearson': -1.0, 'mse': 0.3479, 'rmse': 0.57585, 'trivial_loss': 0.6735346012223801}
val: {'epoch': 38, 'time_epoch': 6.19208, 'loss': 0.92147751, 'lr': 0, 'params': 492871, 'time_iter': 0.08482, 'mae': 0.92148, 'r2': -1.97299, 'spearmanr': 0.89394, 'pearson': -1.0, 'mse': 2.71408, 'rmse': 1.56109}
test: {'epoch': 38, 'time_epoch': 6.20556, 'loss': 0.93225749, 'lr': 0, 'params': 492871, 'time_iter': 0.08501, 'mae': 0.93226, 'r2': -1.74538, 'spearmanr': 0.89298, 'pearson': -1.0, 'mse': 2.80159, 'rmse': 1.5877}
> Epoch 38: took 57.3s (avg 57.3s) | Best so far: epoch 26	train_loss: 0.3059 train_mae: 0.3059	val_loss: 0.2723 val_mae: 0.2723	test_loss: 0.2818 test_mae: 0.2818
train: {'epoch': 39, 'time_epoch': 44.80419, 'eta': 2687.70838, 'eta_hours': 0.74659, 'loss': 0.29764235, 'lr': nan, 'params': 492871, 'time_iter': 0.13178, 'mae': 0.29764, 'r2': 0.66438, 'spearmanr': 0.89125, 'pearson': -1.0, 'mse': 0.33906, 'rmse': 0.56808, 'trivial_loss': 0.6725844420067117}
val: {'epoch': 39, 'time_epoch': 6.18217, 'loss': 0.47739727, 'lr': 0, 'params': 492871, 'time_iter': 0.08469, 'mae': 0.4774, 'r2': 0.12842, 'spearmanr': 0.89398, 'pearson': -1.0, 'mse': 0.80241, 'rmse': 0.84452}
test: {'epoch': 39, 'time_epoch': 6.19949, 'loss': 0.48404422, 'lr': 0, 'params': 492871, 'time_iter': 0.08492, 'mae': 0.48404, 'r2': 0.21725, 'spearmanr': 0.89324, 'pearson': -1.0, 'mse': 0.80241, 'rmse': 0.84726}
> Epoch 39: took 57.3s (avg 57.3s) | Best so far: epoch 26	train_loss: 0.3059 train_mae: 0.3059	val_loss: 0.2723 val_mae: 0.2723	test_loss: 0.2818 test_mae: 0.2818
train: {'epoch': 40, 'time_epoch': 44.83624, 'eta': 2642.97239, 'eta_hours': 0.73416, 'loss': 0.30161422, 'lr': nan, 'params': 492871, 'time_iter': 0.13187, 'mae': 0.30161, 'r2': 0.65976, 'spearmanr': 0.88846, 'pearson': -1.0, 'mse': 0.34374, 'rmse': 0.57268, 'trivial_loss': 0.6730699276163247}
val: {'epoch': 40, 'time_epoch': 6.19161, 'loss': 0.42592322, 'lr': 0, 'params': 492871, 'time_iter': 0.08482, 'mae': 0.42592, 'r2': 0.37837, 'spearmanr': 0.90076, 'pearson': -1.0, 'mse': 0.57559, 'rmse': 0.74591}
test: {'epoch': 40, 'time_epoch': 6.19637, 'loss': 0.43332185, 'lr': 0, 'params': 492871, 'time_iter': 0.08488, 'mae': 0.43332, 'r2': 0.43056, 'spearmanr': 0.89945, 'pearson': -1.0, 'mse': 0.5782, 'rmse': 0.74926}
> Epoch 40: took 57.3s (avg 57.3s) | Best so far: epoch 26	train_loss: 0.3059 train_mae: 0.3059	val_loss: 0.2723 val_mae: 0.2723	test_loss: 0.2818 test_mae: 0.2818
train: {'epoch': 41, 'time_epoch': 44.83033, 'eta': 2598.22346, 'eta_hours': 0.72173, 'loss': 0.29769374, 'lr': nan, 'params': 492871, 'time_iter': 0.13185, 'mae': 0.29769, 'r2': 0.66656, 'spearmanr': 0.8912, 'pearson': -1.0, 'mse': 0.33685, 'rmse': 0.56669, 'trivial_loss': 0.6737044489746599}
val: {'epoch': 41, 'time_epoch': 6.1915, 'loss': 0.45332763, 'lr': 0, 'params': 492871, 'time_iter': 0.08482, 'mae': 0.45333, 'r2': 0.29598, 'spearmanr': 0.89248, 'pearson': -1.0, 'mse': 0.65179, 'rmse': 0.79782}
test: {'epoch': 41, 'time_epoch': 6.20236, 'loss': 0.46806503, 'lr': 0, 'params': 492871, 'time_iter': 0.08496, 'mae': 0.46807, 'r2': 0.28965, 'spearmanr': 0.88948, 'pearson': -1.0, 'mse': 0.72196, 'rmse': 0.83718}
> Epoch 41: took 57.3s (avg 57.3s) | Best so far: epoch 26	train_loss: 0.3059 train_mae: 0.3059	val_loss: 0.2723 val_mae: 0.2723	test_loss: 0.2818 test_mae: 0.2818
train: {'epoch': 42, 'time_epoch': 44.82803, 'eta': 2553.46769, 'eta_hours': 0.7093, 'loss': 0.30252448, 'lr': nan, 'params': 492871, 'time_iter': 0.13185, 'mae': 0.30252, 'r2': 0.65249, 'spearmanr': 0.88982, 'pearson': -1.0, 'mse': 0.35111, 'rmse': 0.57889, 'trivial_loss': 0.6729548604631121}
val: {'epoch': 42, 'time_epoch': 6.19423, 'loss': 0.55019779, 'lr': 0, 'params': 492871, 'time_iter': 0.08485, 'mae': 0.5502, 'r2': 0.00883, 'spearmanr': 0.90042, 'pearson': -1.0, 'mse': 0.91478, 'rmse': 0.93978}
test: {'epoch': 42, 'time_epoch': 6.20439, 'loss': 0.55782813, 'lr': 0, 'params': 492871, 'time_iter': 0.08499, 'mae': 0.55783, 'r2': 0.08032, 'spearmanr': 0.89826, 'pearson': -1.0, 'mse': 0.93044, 'rmse': 0.94823}
> Epoch 42: took 57.3s (avg 57.3s) | Best so far: epoch 26	train_loss: 0.3059 train_mae: 0.3059	val_loss: 0.2723 val_mae: 0.2723	test_loss: 0.2818 test_mae: 0.2818
train: {'epoch': 43, 'time_epoch': 44.87741, 'eta': 2508.77148, 'eta_hours': 0.69688, 'loss': 0.30040304, 'lr': nan, 'params': 492871, 'time_iter': 0.13199, 'mae': 0.3004, 'r2': 0.66234, 'spearmanr': 0.89007, 'pearson': -1.0, 'mse': 0.34113, 'rmse': 0.57047, 'trivial_loss': 0.672388530315849}
val: {'epoch': 43, 'time_epoch': 6.18959, 'loss': 0.42520488, 'lr': 0, 'params': 492871, 'time_iter': 0.08479, 'mae': 0.4252, 'r2': 0.39323, 'spearmanr': 0.90044, 'pearson': -1.0, 'mse': 0.56381, 'rmse': 0.74336}
test: {'epoch': 43, 'time_epoch': 6.19747, 'loss': 0.4331432, 'lr': 0, 'params': 492871, 'time_iter': 0.0849, 'mae': 0.43314, 'r2': 0.43835, 'spearmanr': 0.89897, 'pearson': -1.0, 'mse': 0.56703, 'rmse': 0.74507}
> Epoch 43: took 57.4s (avg 57.3s) | Best so far: epoch 26	train_loss: 0.3059 train_mae: 0.3059	val_loss: 0.2723 val_mae: 0.2723	test_loss: 0.2818 test_mae: 0.2818
train: {'epoch': 44, 'time_epoch': 44.85052, 'eta': 2464.03436, 'eta_hours': 0.68445, 'loss': 0.29904506, 'lr': nan, 'params': 492871, 'time_iter': 0.13191, 'mae': 0.29905, 'r2': 0.65962, 'spearmanr': 0.89032, 'pearson': -1.0, 'mse': 0.34391, 'rmse': 0.57244, 'trivial_loss': 0.672597073756551}
val: {'epoch': 44, 'time_epoch': 6.19486, 'loss': 4.20641841, 'lr': 0, 'params': 492871, 'time_iter': 0.08486, 'mae': 4.20642, 'r2': -41.69493, 'spearmanr': 0.88077, 'pearson': -1.0, 'mse': 38.9716, 'rmse': 5.85864}
test: {'epoch': 44, 'time_epoch': 6.20251, 'loss': 4.1608682, 'lr': 0, 'params': 492871, 'time_iter': 0.08497, 'mae': 4.16087, 'r2': -37.27953, 'spearmanr': 0.88068, 'pearson': -1.0, 'mse': 38.84644, 'rmse': 5.85056}
> Epoch 44: took 57.4s (avg 57.3s) | Best so far: epoch 26	train_loss: 0.3059 train_mae: 0.3059	val_loss: 0.2723 val_mae: 0.2723	test_loss: 0.2818 test_mae: 0.2818
train: {'epoch': 45, 'time_epoch': 44.89715, 'eta': 2419.34706, 'eta_hours': 0.67204, 'loss': 0.30262465, 'lr': nan, 'params': 492871, 'time_iter': 0.13205, 'mae': 0.30262, 'r2': 0.65425, 'spearmanr': 0.89031, 'pearson': -1.0, 'mse': 0.34936, 'rmse': 0.57776, 'trivial_loss': 0.6741455863274899}
val: {'epoch': 45, 'time_epoch': 6.19454, 'loss': 1.01742573, 'lr': 0, 'params': 492871, 'time_iter': 0.08486, 'mae': 1.01743, 'r2': -2.54865, 'spearmanr': 0.89581, 'pearson': -1.0, 'mse': 3.25304, 'rmse': 1.73162}
test: {'epoch': 45, 'time_epoch': 6.21127, 'loss': 1.02902747, 'lr': 0, 'params': 492871, 'time_iter': 0.08509, 'mae': 1.02903, 'r2': -2.32449, 'spearmanr': 0.89447, 'pearson': -1.0, 'mse': 3.36631, 'rmse': 1.76135}
> Epoch 45: took 57.4s (avg 57.3s) | Best so far: epoch 26	train_loss: 0.3059 train_mae: 0.3059	val_loss: 0.2723 val_mae: 0.2723	test_loss: 0.2818 test_mae: 0.2818
train: {'epoch': 46, 'time_epoch': 44.85997, 'eta': 2374.60889, 'eta_hours': 0.65961, 'loss': 0.29976535, 'lr': nan, 'params': 492871, 'time_iter': 0.13194, 'mae': 0.29977, 'r2': 0.6538, 'spearmanr': 0.89091, 'pearson': -1.0, 'mse': 0.34982, 'rmse': 0.57816, 'trivial_loss': 0.6731902350610175}
val: {'epoch': 46, 'time_epoch': 6.20181, 'loss': 0.45915907, 'lr': 0, 'params': 492871, 'time_iter': 0.08496, 'mae': 0.45916, 'r2': 0.29573, 'spearmanr': 0.90085, 'pearson': -1.0, 'mse': 0.65615, 'rmse': 0.79551}
test: {'epoch': 46, 'time_epoch': 6.20282, 'loss': 0.46830557, 'lr': 0, 'params': 492871, 'time_iter': 0.08497, 'mae': 0.46831, 'r2': 0.33428, 'spearmanr': 0.89866, 'pearson': -1.0, 'mse': 0.668, 'rmse': 0.79902}
> Epoch 46: took 57.4s (avg 57.3s) | Best so far: epoch 26	train_loss: 0.3059 train_mae: 0.3059	val_loss: 0.2723 val_mae: 0.2723	test_loss: 0.2818 test_mae: 0.2818
train: {'epoch': 47, 'time_epoch': 44.91133, 'eta': 2329.92129, 'eta_hours': 0.6472, 'loss': 0.29919117, 'lr': nan, 'params': 492871, 'time_iter': 0.13209, 'mae': 0.29919, 'r2': 0.66244, 'spearmanr': 0.89146, 'pearson': -1.0, 'mse': 0.34105, 'rmse': 0.57085, 'trivial_loss': 0.6730169703942219}
val: {'epoch': 47, 'time_epoch': 6.24178, 'loss': 0.37251673, 'lr': 0, 'params': 492871, 'time_iter': 0.0855, 'mae': 0.37252, 'r2': 0.56749, 'spearmanr': 0.90174, 'pearson': -1.0, 'mse': 0.40514, 'rmse': 0.62824}
test: {'epoch': 47, 'time_epoch': 6.24194, 'loss': 0.38227431, 'lr': 0, 'params': 492871, 'time_iter': 0.08551, 'mae': 0.38227, 'r2': 0.58175, 'spearmanr': 0.89849, 'pearson': -1.0, 'mse': 0.42066, 'rmse': 0.63897}
> Epoch 47: took 57.5s (avg 57.3s) | Best so far: epoch 26	train_loss: 0.3059 train_mae: 0.3059	val_loss: 0.2723 val_mae: 0.2723	test_loss: 0.2818 test_mae: 0.2818
train: {'epoch': 48, 'time_epoch': 44.92293, 'eta': 2285.23663, 'eta_hours': 0.63479, 'loss': 0.29635559, 'lr': nan, 'params': 492871, 'time_iter': 0.13213, 'mae': 0.29636, 'r2': 0.66589, 'spearmanr': 0.89281, 'pearson': -1.0, 'mse': 0.33756, 'rmse': 0.56753, 'trivial_loss': 0.672901045823288}
val: {'epoch': 48, 'time_epoch': 6.1994, 'loss': 0.30743144, 'lr': 0, 'params': 492871, 'time_iter': 0.08492, 'mae': 0.30743, 'r2': 0.67482, 'spearmanr': 0.90345, 'pearson': -1.0, 'mse': 0.30498, 'rmse': 0.54258}
test: {'epoch': 48, 'time_epoch': 6.20826, 'loss': 0.31506668, 'lr': 0, 'params': 492871, 'time_iter': 0.08504, 'mae': 0.31507, 'r2': 0.69511, 'spearmanr': 0.90142, 'pearson': -1.0, 'mse': 0.30853, 'rmse': 0.54568}
> Epoch 48: took 57.5s (avg 57.3s) | Best so far: epoch 26	train_loss: 0.3059 train_mae: 0.3059	val_loss: 0.2723 val_mae: 0.2723	test_loss: 0.2818 test_mae: 0.2818
train: {'epoch': 49, 'time_epoch': 44.84715, 'eta': 2240.46665, 'eta_hours': 0.62235, 'loss': 0.29480073, 'lr': nan, 'params': 492871, 'time_iter': 0.1319, 'mae': 0.2948, 'r2': 0.66806, 'spearmanr': 0.89375, 'pearson': -1.0, 'mse': 0.33536, 'rmse': 0.56521, 'trivial_loss': 0.6736537937099225}
val: {'epoch': 49, 'time_epoch': 6.20196, 'loss': 0.84667613, 'lr': 0, 'params': 492871, 'time_iter': 0.08496, 'mae': 0.84668, 'r2': -1.432, 'spearmanr': 0.8954, 'pearson': -1.0, 'mse': 2.23005, 'rmse': 1.44106}
test: {'epoch': 49, 'time_epoch': 6.20553, 'loss': 0.86216752, 'lr': 0, 'params': 492871, 'time_iter': 0.08501, 'mae': 0.86217, 'r2': -1.30122, 'spearmanr': 0.89474, 'pearson': -1.0, 'mse': 2.33472, 'rmse': 1.47406}
> Epoch 49: took 57.4s (avg 57.3s) | Best so far: epoch 26	train_loss: 0.3059 train_mae: 0.3059	val_loss: 0.2723 val_mae: 0.2723	test_loss: 0.2818 test_mae: 0.2818
train: {'epoch': 50, 'time_epoch': 44.82688, 'eta': 2195.67418, 'eta_hours': 0.60991, 'loss': 0.29660355, 'lr': nan, 'params': 492871, 'time_iter': 0.13184, 'mae': 0.2966, 'r2': 0.66447, 'spearmanr': 0.893, 'pearson': -1.0, 'mse': 0.33902, 'rmse': 0.56964, 'trivial_loss': 0.67255480713429}
val: {'epoch': 50, 'time_epoch': 6.18709, 'loss': 0.59519406, 'lr': 0, 'params': 492871, 'time_iter': 0.08475, 'mae': 0.59519, 'r2': -0.26578, 'spearmanr': 0.89824, 'pearson': -1.0, 'mse': 1.16206, 'rmse': 1.04455}
test: {'epoch': 50, 'time_epoch': 6.20089, 'loss': 0.60639388, 'lr': 0, 'params': 492871, 'time_iter': 0.08494, 'mae': 0.60639, 'r2': -0.17827, 'spearmanr': 0.89811, 'pearson': -1.0, 'mse': 1.20026, 'rmse': 1.06287}
> Epoch 50: took 57.3s (avg 57.3s) | Best so far: epoch 26	train_loss: 0.3059 train_mae: 0.3059	val_loss: 0.2723 val_mae: 0.2723	test_loss: 0.2818 test_mae: 0.2818
train: {'epoch': 51, 'time_epoch': 44.89844, 'eta': 2150.94644, 'eta_hours': 0.59749, 'loss': 0.2961046, 'lr': nan, 'params': 492871, 'time_iter': 0.13205, 'mae': 0.2961, 'r2': 0.66332, 'spearmanr': 0.89365, 'pearson': -1.0, 'mse': 0.34018, 'rmse': 0.5693, 'trivial_loss': 0.6729520574769857}
val: {'epoch': 51, 'time_epoch': 6.23343, 'loss': 0.460436, 'lr': 0, 'params': 492871, 'time_iter': 0.08539, 'mae': 0.46044, 'r2': 0.28005, 'spearmanr': 0.89901, 'pearson': -1.0, 'mse': 0.66781, 'rmse': 0.80626}
test: {'epoch': 51, 'time_epoch': 6.24403, 'loss': 0.47115968, 'lr': 0, 'params': 492871, 'time_iter': 0.08553, 'mae': 0.47116, 'r2': 0.3175, 'spearmanr': 0.8983, 'pearson': -1.0, 'mse': 0.68849, 'rmse': 0.81808}
> Epoch 51: took 57.5s (avg 57.3s) | Best so far: epoch 26	train_loss: 0.3059 train_mae: 0.3059	val_loss: 0.2723 val_mae: 0.2723	test_loss: 0.2818 test_mae: 0.2818
train: {'epoch': 52, 'time_epoch': 44.84963, 'eta': 2106.16897, 'eta_hours': 0.58505, 'loss': 0.29281327, 'lr': nan, 'params': 492871, 'time_iter': 0.13191, 'mae': 0.29281, 'r2': 0.67084, 'spearmanr': 0.89427, 'pearson': -1.0, 'mse': 0.33255, 'rmse': 0.56286, 'trivial_loss': 0.6740171253204258}
val: {'epoch': 52, 'time_epoch': 6.19723, 'loss': 0.30614873, 'lr': 0, 'params': 492871, 'time_iter': 0.08489, 'mae': 0.30615, 'r2': 0.68702, 'spearmanr': 0.90245, 'pearson': -1.0, 'mse': 0.29374, 'rmse': 0.52902}
test: {'epoch': 52, 'time_epoch': 6.20545, 'loss': 0.31187637, 'lr': 0, 'params': 492871, 'time_iter': 0.08501, 'mae': 0.31188, 'r2': 0.71142, 'spearmanr': 0.90148, 'pearson': -1.0, 'mse': 0.29236, 'rmse': 0.52812}
> Epoch 52: took 57.4s (avg 57.3s) | Best so far: epoch 26	train_loss: 0.3059 train_mae: 0.3059	val_loss: 0.2723 val_mae: 0.2723	test_loss: 0.2818 test_mae: 0.2818
train: {'epoch': 53, 'time_epoch': 44.89355, 'eta': 2061.42624, 'eta_hours': 0.57262, 'loss': 0.29626833, 'lr': nan, 'params': 492871, 'time_iter': 0.13204, 'mae': 0.29627, 'r2': 0.66561, 'spearmanr': 0.89277, 'pearson': -1.0, 'mse': 0.33784, 'rmse': 0.56798, 'trivial_loss': 0.6733108077636476}
val: {'epoch': 53, 'time_epoch': 6.20495, 'loss': 0.34610871, 'lr': 0, 'params': 492871, 'time_iter': 0.085, 'mae': 0.34611, 'r2': 0.61825, 'spearmanr': 0.90353, 'pearson': -1.0, 'mse': 0.35764, 'rmse': 0.59255}
test: {'epoch': 53, 'time_epoch': 6.20599, 'loss': 0.35172595, 'lr': 0, 'params': 492871, 'time_iter': 0.08501, 'mae': 0.35173, 'r2': 0.64638, 'spearmanr': 0.9023, 'pearson': -1.0, 'mse': 0.35727, 'rmse': 0.59186}
> Epoch 53: took 57.4s (avg 57.3s) | Best so far: epoch 26	train_loss: 0.3059 train_mae: 0.3059	val_loss: 0.2723 val_mae: 0.2723	test_loss: 0.2818 test_mae: 0.2818
train: {'epoch': 54, 'time_epoch': 44.80529, 'eta': 2016.60582, 'eta_hours': 0.56017, 'loss': 0.29688481, 'lr': nan, 'params': 492871, 'time_iter': 0.13178, 'mae': 0.29688, 'r2': 0.65584, 'spearmanr': 0.89267, 'pearson': -1.0, 'mse': 0.34777, 'rmse': 0.57612, 'trivial_loss': 0.6729120644432832}
val: {'epoch': 54, 'time_epoch': 6.1923, 'loss': 0.26244514, 'lr': 0, 'params': 492871, 'time_iter': 0.08483, 'mae': 0.26245, 'r2': 0.7358, 'spearmanr': 0.90371, 'pearson': -1.0, 'mse': 0.24816, 'rmse': 0.47929}
test: {'epoch': 54, 'time_epoch': 6.20511, 'loss': 0.27131019, 'lr': 0, 'params': 492871, 'time_iter': 0.085, 'mae': 0.27131, 'r2': 0.74284, 'spearmanr': 0.90154, 'pearson': -1.0, 'mse': 0.26085, 'rmse': 0.49257}
> Epoch 54: took 57.3s (avg 57.3s) | Best so far: epoch 54	train_loss: 0.2969 train_mae: 0.2969	val_loss: 0.2624 val_mae: 0.2625	test_loss: 0.2713 test_mae: 0.2713
train: {'epoch': 55, 'time_epoch': 44.78049, 'eta': 1971.76645, 'eta_hours': 0.54771, 'loss': 0.29323852, 'lr': nan, 'params': 492871, 'time_iter': 0.13171, 'mae': 0.29324, 'r2': 0.66487, 'spearmanr': 0.8932, 'pearson': -1.0, 'mse': 0.33862, 'rmse': 0.56834, 'trivial_loss': 0.6732184788861271}
val: {'epoch': 55, 'time_epoch': 6.19842, 'loss': 0.78421492, 'lr': 0, 'params': 492871, 'time_iter': 0.08491, 'mae': 0.78422, 'r2': -1.11854, 'spearmanr': 0.89551, 'pearson': -1.0, 'mse': 1.93581, 'rmse': 1.32788}
test: {'epoch': 55, 'time_epoch': 6.20928, 'loss': 0.79666305, 'lr': 0, 'params': 492871, 'time_iter': 0.08506, 'mae': 0.79666, 'r2': -0.98643, 'spearmanr': 0.89549, 'pearson': -1.0, 'mse': 2.02402, 'rmse': 1.35711}
> Epoch 55: took 57.3s (avg 57.3s) | Best so far: epoch 54	train_loss: 0.2969 train_mae: 0.2969	val_loss: 0.2624 val_mae: 0.2625	test_loss: 0.2713 test_mae: 0.2713
train: {'epoch': 56, 'time_epoch': 44.78397, 'eta': 1926.93177, 'eta_hours': 0.53526, 'loss': 0.29430411, 'lr': nan, 'params': 492871, 'time_iter': 0.13172, 'mae': 0.2943, 'r2': 0.66792, 'spearmanr': 0.89421, 'pearson': -1.0, 'mse': 0.33552, 'rmse': 0.56549, 'trivial_loss': 0.6727182644222452}
val: {'epoch': 56, 'time_epoch': 6.1885, 'loss': 0.66853901, 'lr': 0, 'params': 492871, 'time_iter': 0.08477, 'mae': 0.66854, 'r2': -0.58845, 'spearmanr': 0.89613, 'pearson': -1.0, 'mse': 1.45492, 'rmse': 1.15823}
test: {'epoch': 56, 'time_epoch': 6.20532, 'loss': 0.68106818, 'lr': 0, 'params': 492871, 'time_iter': 0.085, 'mae': 0.68107, 'r2': -0.48296, 'spearmanr': 0.89557, 'pearson': -1.0, 'mse': 1.51397, 'rmse': 1.18165}
> Epoch 56: took 57.3s (avg 57.3s) | Best so far: epoch 54	train_loss: 0.2969 train_mae: 0.2969	val_loss: 0.2624 val_mae: 0.2625	test_loss: 0.2713 test_mae: 0.2713
train: {'epoch': 57, 'time_epoch': 44.81662, 'eta': 1882.12248, 'eta_hours': 0.52281, 'loss': 0.29157858, 'lr': nan, 'params': 492871, 'time_iter': 0.13181, 'mae': 0.29158, 'r2': 0.67479, 'spearmanr': 0.89442, 'pearson': -1.0, 'mse': 0.32855, 'rmse': 0.55914, 'trivial_loss': 0.6734270843763991}
val: {'epoch': 57, 'time_epoch': 6.18419, 'loss': 0.92225566, 'lr': 0, 'params': 492871, 'time_iter': 0.08471, 'mae': 0.92226, 'r2': -2.1812, 'spearmanr': 0.89298, 'pearson': -1.0, 'mse': 2.90732, 'rmse': 1.62774}
test: {'epoch': 57, 'time_epoch': 6.21053, 'loss': 0.94165642, 'lr': 0, 'params': 492871, 'time_iter': 0.08508, 'mae': 0.94166, 'r2': -2.01282, 'spearmanr': 0.8936, 'pearson': -1.0, 'mse': 3.06986, 'rmse': 1.67145}
> Epoch 57: took 57.3s (avg 57.3s) | Best so far: epoch 54	train_loss: 0.2969 train_mae: 0.2969	val_loss: 0.2624 val_mae: 0.2625	test_loss: 0.2713 test_mae: 0.2713
train: {'epoch': 58, 'time_epoch': 44.6751, 'eta': 1837.2146, 'eta_hours': 0.51034, 'loss': 0.29475599, 'lr': nan, 'params': 492871, 'time_iter': 0.1314, 'mae': 0.29476, 'r2': 0.66518, 'spearmanr': 0.89346, 'pearson': -1.0, 'mse': 0.3383, 'rmse': 0.56877, 'trivial_loss': 0.6724782646782296}
val: {'epoch': 58, 'time_epoch': 6.18544, 'loss': 0.28219615, 'lr': 0, 'params': 492871, 'time_iter': 0.08473, 'mae': 0.2822, 'r2': 0.68472, 'spearmanr': 0.90269, 'pearson': -1.0, 'mse': 0.29393, 'rmse': 0.52547}
test: {'epoch': 58, 'time_epoch': 6.2109, 'loss': 0.29215308, 'lr': 0, 'params': 492871, 'time_iter': 0.08508, 'mae': 0.29215, 'r2': 0.68308, 'spearmanr': 0.9006, 'pearson': -1.0, 'mse': 0.32226, 'rmse': 0.55013}
> Epoch 58: took 57.2s (avg 57.3s) | Best so far: epoch 54	train_loss: 0.2969 train_mae: 0.2969	val_loss: 0.2624 val_mae: 0.2625	test_loss: 0.2713 test_mae: 0.2713
train: {'epoch': 59, 'time_epoch': 44.7004, 'eta': 1792.33135, 'eta_hours': 0.49787, 'loss': 0.29646151, 'lr': nan, 'params': 492871, 'time_iter': 0.13147, 'mae': 0.29646, 'r2': 0.66225, 'spearmanr': 0.89384, 'pearson': -1.0, 'mse': 0.34126, 'rmse': 0.57109, 'trivial_loss': 0.6727223599706985}
val: {'epoch': 59, 'time_epoch': 6.19167, 'loss': 0.39133799, 'lr': 0, 'params': 492871, 'time_iter': 0.08482, 'mae': 0.39134, 'r2': 0.52659, 'spearmanr': 0.90183, 'pearson': -1.0, 'mse': 0.44097, 'rmse': 0.65769}
test: {'epoch': 59, 'time_epoch': 6.20677, 'loss': 0.39772758, 'lr': 0, 'params': 492871, 'time_iter': 0.08502, 'mae': 0.39773, 'r2': 0.56139, 'spearmanr': 0.90058, 'pearson': -1.0, 'mse': 0.44419, 'rmse': 0.66081}
> Epoch 59: took 57.2s (avg 57.3s) | Best so far: epoch 54	train_loss: 0.2969 train_mae: 0.2969	val_loss: 0.2624 val_mae: 0.2625	test_loss: 0.2713 test_mae: 0.2713
train: {'epoch': 60, 'time_epoch': 44.7031, 'eta': 1747.45581, 'eta_hours': 0.4854, 'loss': 0.29181648, 'lr': nan, 'params': 492871, 'time_iter': 0.13148, 'mae': 0.29182, 'r2': 0.67345, 'spearmanr': 0.89481, 'pearson': -1.0, 'mse': 0.32992, 'rmse': 0.56098, 'trivial_loss': 0.6736712396545045}
val: {'epoch': 60, 'time_epoch': 6.20175, 'loss': 1.3326544, 'lr': 0, 'params': 492871, 'time_iter': 0.08496, 'mae': 1.33265, 'r2': -4.87002, 'spearmanr': 0.88842, 'pearson': -1.0, 'mse': 5.35201, 'rmse': 2.18385}
test: {'epoch': 60, 'time_epoch': 6.21006, 'loss': 1.34519718, 'lr': 0, 'params': 492871, 'time_iter': 0.08507, 'mae': 1.3452, 'r2': -4.4844, 'spearmanr': 0.88905, 'pearson': -1.0, 'mse': 5.58982, 'rmse': 2.2311}
> Epoch 60: took 57.2s (avg 57.3s) | Best so far: epoch 54	train_loss: 0.2969 train_mae: 0.2969	val_loss: 0.2624 val_mae: 0.2625	test_loss: 0.2713 test_mae: 0.2713
train: {'epoch': 61, 'time_epoch': 44.69466, 'eta': 1702.58067, 'eta_hours': 0.47294, 'loss': 0.29144087, 'lr': nan, 'params': 492871, 'time_iter': 0.13145, 'mae': 0.29144, 'r2': 0.66955, 'spearmanr': 0.89527, 'pearson': -1.0, 'mse': 0.33387, 'rmse': 0.56394, 'trivial_loss': 0.6744447568407342}
val: {'epoch': 61, 'time_epoch': 6.18589, 'loss': 0.49028471, 'lr': 0, 'params': 492871, 'time_iter': 0.08474, 'mae': 0.49028, 'r2': 0.10184, 'spearmanr': 0.90063, 'pearson': -1.0, 'mse': 0.82552, 'rmse': 0.87871}
test: {'epoch': 61, 'time_epoch': 6.20465, 'loss': 0.50172569, 'lr': 0, 'params': 492871, 'time_iter': 0.085, 'mae': 0.50173, 'r2': 0.16768, 'spearmanr': 0.89937, 'pearson': -1.0, 'mse': 0.84989, 'rmse': 0.89242}
> Epoch 61: took 57.2s (avg 57.3s) | Best so far: epoch 54	train_loss: 0.2969 train_mae: 0.2969	val_loss: 0.2624 val_mae: 0.2625	test_loss: 0.2713 test_mae: 0.2713
train: {'epoch': 62, 'time_epoch': 44.69352, 'eta': 1657.71059, 'eta_hours': 0.46048, 'loss': 0.29767081, 'lr': nan, 'params': 492871, 'time_iter': 0.13145, 'mae': 0.29767, 'r2': 0.66059, 'spearmanr': 0.89324, 'pearson': -1.0, 'mse': 0.34295, 'rmse': 0.57266, 'trivial_loss': 0.6725422264592668}
val: {'epoch': 62, 'time_epoch': 6.18835, 'loss': 0.35526631, 'lr': 0, 'params': 492871, 'time_iter': 0.08477, 'mae': 0.35527, 'r2': 0.60888, 'spearmanr': 0.9031, 'pearson': -1.0, 'mse': 0.36525, 'rmse': 0.59518}
test: {'epoch': 62, 'time_epoch': 6.20225, 'loss': 0.36066386, 'lr': 0, 'params': 492871, 'time_iter': 0.08496, 'mae': 0.36066, 'r2': 0.6369, 'spearmanr': 0.90167, 'pearson': -1.0, 'mse': 0.36815, 'rmse': 0.59843}
> Epoch 62: took 57.2s (avg 57.3s) | Best so far: epoch 54	train_loss: 0.2969 train_mae: 0.2969	val_loss: 0.2624 val_mae: 0.2625	test_loss: 0.2713 test_mae: 0.2713
train: {'epoch': 63, 'time_epoch': 44.65561, 'eta': 1612.8247, 'eta_hours': 0.44801, 'loss': 0.2960019, 'lr': nan, 'params': 492871, 'time_iter': 0.13134, 'mae': 0.296, 'r2': 0.66065, 'spearmanr': 0.8942, 'pearson': -1.0, 'mse': 0.34291, 'rmse': 0.57263, 'trivial_loss': 0.673571526220331}
val: {'epoch': 63, 'time_epoch': 6.18803, 'loss': 0.57679516, 'lr': 0, 'params': 492871, 'time_iter': 0.08477, 'mae': 0.57679, 'r2': -0.19283, 'spearmanr': 0.8978, 'pearson': -1.0, 'mse': 1.09646, 'rmse': 1.02064}
test: {'epoch': 63, 'time_epoch': 6.21164, 'loss': 0.58686016, 'lr': 0, 'params': 492871, 'time_iter': 0.08509, 'mae': 0.58686, 'r2': -0.09579, 'spearmanr': 0.89774, 'pearson': -1.0, 'mse': 1.11447, 'rmse': 1.03183}
> Epoch 63: took 57.2s (avg 57.3s) | Best so far: epoch 54	train_loss: 0.2969 train_mae: 0.2969	val_loss: 0.2624 val_mae: 0.2625	test_loss: 0.2713 test_mae: 0.2713
train: {'epoch': 64, 'time_epoch': 44.73593, 'eta': 1567.98915, 'eta_hours': 0.43555, 'loss': 0.29501329, 'lr': nan, 'params': 492871, 'time_iter': 0.13158, 'mae': 0.29501, 'r2': 0.66438, 'spearmanr': 0.89402, 'pearson': -1.0, 'mse': 0.3391, 'rmse': 0.56843, 'trivial_loss': 0.673059310709598}
val: {'epoch': 64, 'time_epoch': 6.19861, 'loss': 0.34769966, 'lr': 0, 'params': 492871, 'time_iter': 0.08491, 'mae': 0.3477, 'r2': 0.61965, 'spearmanr': 0.90383, 'pearson': -1.0, 'mse': 0.3561, 'rmse': 0.59054}
test: {'epoch': 64, 'time_epoch': 6.19941, 'loss': 0.35417445, 'lr': 0, 'params': 492871, 'time_iter': 0.08492, 'mae': 0.35417, 'r2': 0.64608, 'spearmanr': 0.90246, 'pearson': -1.0, 'mse': 0.35783, 'rmse': 0.59193}
> Epoch 64: took 57.3s (avg 57.3s) | Best so far: epoch 54	train_loss: 0.2969 train_mae: 0.2969	val_loss: 0.2624 val_mae: 0.2625	test_loss: 0.2713 test_mae: 0.2713
train: {'epoch': 65, 'time_epoch': 44.70391, 'eta': 1523.14012, 'eta_hours': 0.42309, 'loss': 0.29748739, 'lr': nan, 'params': 492871, 'time_iter': 0.13148, 'mae': 0.29749, 'r2': 0.66023, 'spearmanr': 0.89397, 'pearson': -1.0, 'mse': 0.34331, 'rmse': 0.57276, 'trivial_loss': 0.6713239363712713}
val: {'epoch': 65, 'time_epoch': 6.18798, 'loss': 0.27836836, 'lr': 0, 'params': 492871, 'time_iter': 0.08477, 'mae': 0.27837, 'r2': 0.73094, 'spearmanr': 0.90482, 'pearson': -1.0, 'mse': 0.25308, 'rmse': 0.48796}
test: {'epoch': 65, 'time_epoch': 6.20816, 'loss': 0.2867877, 'lr': 0, 'params': 492871, 'time_iter': 0.08504, 'mae': 0.28679, 'r2': 0.73937, 'spearmanr': 0.90277, 'pearson': -1.0, 'mse': 0.26404, 'rmse': 0.49904}
> Epoch 65: took 57.2s (avg 57.3s) | Best so far: epoch 54	train_loss: 0.2969 train_mae: 0.2969	val_loss: 0.2624 val_mae: 0.2625	test_loss: 0.2713 test_mae: 0.2713
train: {'epoch': 66, 'time_epoch': 44.82157, 'eta': 1478.35337, 'eta_hours': 0.41065, 'loss': 0.29357132, 'lr': nan, 'params': 492871, 'time_iter': 0.13183, 'mae': 0.29357, 'r2': 0.67232, 'spearmanr': 0.8941, 'pearson': -1.0, 'mse': 0.33106, 'rmse': 0.56131, 'trivial_loss': 0.6736391858301134}
val: {'epoch': 66, 'time_epoch': 6.1937, 'loss': 0.95372352, 'lr': 0, 'params': 492871, 'time_iter': 0.08485, 'mae': 0.95372, 'r2': -2.07863, 'spearmanr': 0.89451, 'pearson': -1.0, 'mse': 2.82153, 'rmse': 1.60934}
test: {'epoch': 66, 'time_epoch': 6.20306, 'loss': 0.97127648, 'lr': 0, 'params': 492871, 'time_iter': 0.08497, 'mae': 0.97128, 'r2': -1.9647, 'spearmanr': 0.89439, 'pearson': -1.0, 'mse': 2.99991, 'rmse': 1.65799}
> Epoch 66: took 57.3s (avg 57.3s) | Best so far: epoch 54	train_loss: 0.2969 train_mae: 0.2969	val_loss: 0.2624 val_mae: 0.2625	test_loss: 0.2713 test_mae: 0.2713
train: {'epoch': 67, 'time_epoch': 44.8209, 'eta': 1433.56528, 'eta_hours': 0.39821, 'loss': 0.29130248, 'lr': nan, 'params': 492871, 'time_iter': 0.13183, 'mae': 0.2913, 'r2': 0.67214, 'spearmanr': 0.89453, 'pearson': -1.0, 'mse': 0.33124, 'rmse': 0.56167, 'trivial_loss': 0.6729148881290453}
val: {'epoch': 67, 'time_epoch': 6.19323, 'loss': 0.28315111, 'lr': 0, 'params': 492871, 'time_iter': 0.08484, 'mae': 0.28315, 'r2': 0.68379, 'spearmanr': 0.90208, 'pearson': -1.0, 'mse': 0.29579, 'rmse': 0.53181}
test: {'epoch': 67, 'time_epoch': 6.20838, 'loss': 0.29251374, 'lr': 0, 'params': 492871, 'time_iter': 0.08505, 'mae': 0.29251, 'r2': 0.67847, 'spearmanr': 0.90075, 'pearson': -1.0, 'mse': 0.32594, 'rmse': 0.55884}
> Epoch 67: took 57.3s (avg 57.3s) | Best so far: epoch 54	train_loss: 0.2969 train_mae: 0.2969	val_loss: 0.2624 val_mae: 0.2625	test_loss: 0.2713 test_mae: 0.2713
train: {'epoch': 68, 'time_epoch': 44.83409, 'eta': 1388.78217, 'eta_hours': 0.38577, 'loss': 0.29327255, 'lr': nan, 'params': 492871, 'time_iter': 0.13186, 'mae': 0.29327, 'r2': 0.67234, 'spearmanr': 0.89486, 'pearson': -1.0, 'mse': 0.33104, 'rmse': 0.56183, 'trivial_loss': 0.6738400277290636}
val: {'epoch': 68, 'time_epoch': 6.19997, 'loss': 0.41884184, 'lr': 0, 'params': 492871, 'time_iter': 0.08493, 'mae': 0.41884, 'r2': 0.46453, 'spearmanr': 0.90213, 'pearson': -1.0, 'mse': 0.4978, 'rmse': 0.69807}
test: {'epoch': 68, 'time_epoch': 6.2101, 'loss': 0.42579806, 'lr': 0, 'params': 492871, 'time_iter': 0.08507, 'mae': 0.4258, 'r2': 0.499, 'spearmanr': 0.90114, 'pearson': -1.0, 'mse': 0.50795, 'rmse': 0.70575}
> Epoch 68: took 57.4s (avg 57.3s) | Best so far: epoch 54	train_loss: 0.2969 train_mae: 0.2969	val_loss: 0.2624 val_mae: 0.2625	test_loss: 0.2713 test_mae: 0.2713
train: {'epoch': 69, 'time_epoch': 44.82723, 'eta': 1343.99466, 'eta_hours': 0.37333, 'loss': 0.29240191, 'lr': nan, 'params': 492871, 'time_iter': 0.13184, 'mae': 0.2924, 'r2': 0.66968, 'spearmanr': 0.89544, 'pearson': -1.0, 'mse': 0.33375, 'rmse': 0.56436, 'trivial_loss': 0.6737418202646498}
val: {'epoch': 69, 'time_epoch': 6.19972, 'loss': 0.37216001, 'lr': 0, 'params': 492871, 'time_iter': 0.08493, 'mae': 0.37216, 'r2': 0.5619, 'spearmanr': 0.90298, 'pearson': -1.0, 'mse': 0.40866, 'rmse': 0.63223}
test: {'epoch': 69, 'time_epoch': 6.20282, 'loss': 0.38048118, 'lr': 0, 'params': 492871, 'time_iter': 0.08497, 'mae': 0.38048, 'r2': 0.59181, 'spearmanr': 0.9014, 'pearson': -1.0, 'mse': 0.41365, 'rmse': 0.63653}
> Epoch 69: took 57.4s (avg 57.3s) | Best so far: epoch 54	train_loss: 0.2969 train_mae: 0.2969	val_loss: 0.2624 val_mae: 0.2625	test_loss: 0.2713 test_mae: 0.2713
train: {'epoch': 70, 'time_epoch': 44.83924, 'eta': 1299.21094, 'eta_hours': 0.36089, 'loss': 0.29177516, 'lr': nan, 'params': 492871, 'time_iter': 0.13188, 'mae': 0.29178, 'r2': 0.67091, 'spearmanr': 0.8953, 'pearson': -1.0, 'mse': 0.33251, 'rmse': 0.56333, 'trivial_loss': 0.6731400386966778}
val: {'epoch': 70, 'time_epoch': 6.19453, 'loss': 0.34006186, 'lr': 0, 'params': 492871, 'time_iter': 0.08486, 'mae': 0.34006, 'r2': 0.61569, 'spearmanr': 0.90296, 'pearson': -1.0, 'mse': 0.3593, 'rmse': 0.59279}
test: {'epoch': 70, 'time_epoch': 6.21164, 'loss': 0.3472463, 'lr': 0, 'params': 492871, 'time_iter': 0.08509, 'mae': 0.34725, 'r2': 0.6392, 'spearmanr': 0.90234, 'pearson': -1.0, 'mse': 0.36493, 'rmse': 0.5977}
> Epoch 70: took 57.4s (avg 57.3s) | Best so far: epoch 54	train_loss: 0.2969 train_mae: 0.2969	val_loss: 0.2624 val_mae: 0.2625	test_loss: 0.2713 test_mae: 0.2713
train: {'epoch': 71, 'time_epoch': 44.83226, 'eta': 1254.42296, 'eta_hours': 0.34845, 'loss': 0.2917735, 'lr': nan, 'params': 492871, 'time_iter': 0.13186, 'mae': 0.29177, 'r2': 0.66912, 'spearmanr': 0.89541, 'pearson': -1.0, 'mse': 0.33432, 'rmse': 0.56485, 'trivial_loss': 0.6733337817882358}
val: {'epoch': 71, 'time_epoch': 6.19759, 'loss': 0.70455762, 'lr': 0, 'params': 492871, 'time_iter': 0.0849, 'mae': 0.70456, 'r2': -0.83074, 'spearmanr': 0.89697, 'pearson': -1.0, 'mse': 1.67948, 'rmse': 1.25628}
test: {'epoch': 71, 'time_epoch': 6.21286, 'loss': 0.72539874, 'lr': 0, 'params': 492871, 'time_iter': 0.08511, 'mae': 0.7254, 'r2': -0.76404, 'spearmanr': 0.89645, 'pearson': -1.0, 'mse': 1.79156, 'rmse': 1.29626}
> Epoch 71: took 57.4s (avg 57.3s) | Best so far: epoch 54	train_loss: 0.2969 train_mae: 0.2969	val_loss: 0.2624 val_mae: 0.2625	test_loss: 0.2713 test_mae: 0.2713
train: {'epoch': 72, 'time_epoch': 44.84437, 'eta': 1209.63825, 'eta_hours': 0.33601, 'loss': 0.29268493, 'lr': nan, 'params': 492871, 'time_iter': 0.1319, 'mae': 0.29268, 'r2': 0.67084, 'spearmanr': 0.89559, 'pearson': -1.0, 'mse': 0.33258, 'rmse': 0.56336, 'trivial_loss': 0.6739021224369508}
val: {'epoch': 72, 'time_epoch': 6.19666, 'loss': 0.71617132, 'lr': 0, 'params': 492871, 'time_iter': 0.08489, 'mae': 0.71617, 'r2': -0.78789, 'spearmanr': 0.89653, 'pearson': -1.0, 'mse': 1.63869, 'rmse': 1.23812}
test: {'epoch': 72, 'time_epoch': 6.2069, 'loss': 0.73114883, 'lr': 0, 'params': 492871, 'time_iter': 0.08503, 'mae': 0.73115, 'r2': -0.70257, 'spearmanr': 0.89702, 'pearson': -1.0, 'mse': 1.73306, 'rmse': 1.27266}
> Epoch 72: took 57.4s (avg 57.3s) | Best so far: epoch 54	train_loss: 0.2969 train_mae: 0.2969	val_loss: 0.2624 val_mae: 0.2625	test_loss: 0.2713 test_mae: 0.2713
train: {'epoch': 73, 'time_epoch': 44.84425, 'eta': 1164.85189, 'eta_hours': 0.32357, 'loss': 0.29188625, 'lr': nan, 'params': 492871, 'time_iter': 0.13189, 'mae': 0.29189, 'r2': 0.67256, 'spearmanr': 0.8952, 'pearson': -1.0, 'mse': 0.33084, 'rmse': 0.56234, 'trivial_loss': 0.6729862087840572}
val: {'epoch': 73, 'time_epoch': 6.19882, 'loss': 0.62886019, 'lr': 0, 'params': 492871, 'time_iter': 0.08492, 'mae': 0.62886, 'r2': -0.45129, 'spearmanr': 0.89695, 'pearson': -1.0, 'mse': 1.3298, 'rmse': 1.11559}
test: {'epoch': 73, 'time_epoch': 6.20529, 'loss': 0.6451145, 'lr': 0, 'params': 492871, 'time_iter': 0.085, 'mae': 0.64511, 'r2': -0.37633, 'spearmanr': 0.89709, 'pearson': -1.0, 'mse': 1.3998, 'rmse': 1.14541}
> Epoch 73: took 57.4s (avg 57.3s) | Best so far: epoch 54	train_loss: 0.2969 train_mae: 0.2969	val_loss: 0.2624 val_mae: 0.2625	test_loss: 0.2713 test_mae: 0.2713
train: {'epoch': 74, 'time_epoch': 44.8209, 'eta': 1120.05619, 'eta_hours': 0.31113, 'loss': 0.29037402, 'lr': nan, 'params': 492871, 'time_iter': 0.13183, 'mae': 0.29037, 'r2': 0.67296, 'spearmanr': 0.89619, 'pearson': -1.0, 'mse': 0.33044, 'rmse': 0.56171, 'trivial_loss': 0.6735982566367491}
val: {'epoch': 74, 'time_epoch': 6.20133, 'loss': 0.49765004, 'lr': 0, 'params': 492871, 'time_iter': 0.08495, 'mae': 0.49765, 'r2': 0.20276, 'spearmanr': 0.90121, 'pearson': -1.0, 'mse': 0.73638, 'rmse': 0.84558}
test: {'epoch': 74, 'time_epoch': 6.2119, 'loss': 0.50780148, 'lr': 0, 'params': 492871, 'time_iter': 0.08509, 'mae': 0.5078, 'r2': 0.25301, 'spearmanr': 0.90025, 'pearson': -1.0, 'mse': 0.75847, 'rmse': 0.8591}
> Epoch 74: took 57.4s (avg 57.3s) | Best so far: epoch 54	train_loss: 0.2969 train_mae: 0.2969	val_loss: 0.2624 val_mae: 0.2625	test_loss: 0.2713 test_mae: 0.2713
train: {'epoch': 75, 'time_epoch': 44.82594, 'eta': 1075.26143, 'eta_hours': 0.29868, 'loss': 0.29256814, 'lr': nan, 'params': 492871, 'time_iter': 0.13184, 'mae': 0.29257, 'r2': 0.66758, 'spearmanr': 0.89487, 'pearson': -1.0, 'mse': 0.33589, 'rmse': 0.56586, 'trivial_loss': 0.6740866427060642}
val: {'epoch': 75, 'time_epoch': 6.19555, 'loss': 0.40134685, 'lr': 0, 'params': 492871, 'time_iter': 0.08487, 'mae': 0.40135, 'r2': 0.53196, 'spearmanr': 0.90226, 'pearson': -1.0, 'mse': 0.43723, 'rmse': 0.6565}
test: {'epoch': 75, 'time_epoch': 6.21607, 'loss': 0.40804337, 'lr': 0, 'params': 492871, 'time_iter': 0.08515, 'mae': 0.40804, 'r2': 0.55669, 'spearmanr': 0.90197, 'pearson': -1.0, 'mse': 0.44773, 'rmse': 0.66421}
> Epoch 75: took 57.4s (avg 57.3s) | Best so far: epoch 54	train_loss: 0.2969 train_mae: 0.2969	val_loss: 0.2624 val_mae: 0.2625	test_loss: 0.2713 test_mae: 0.2713
train: {'epoch': 76, 'time_epoch': 44.86609, 'eta': 1030.47784, 'eta_hours': 0.28624, 'loss': 0.29006301, 'lr': nan, 'params': 492871, 'time_iter': 0.13196, 'mae': 0.29006, 'r2': 0.67076, 'spearmanr': 0.89589, 'pearson': -1.0, 'mse': 0.33267, 'rmse': 0.56293, 'trivial_loss': 0.6733929544761277}
val: {'epoch': 76, 'time_epoch': 6.19693, 'loss': 0.50664424, 'lr': 0, 'params': 492871, 'time_iter': 0.08489, 'mae': 0.50664, 'r2': 0.13352, 'spearmanr': 0.90146, 'pearson': -1.0, 'mse': 0.79726, 'rmse': 0.86967}
test: {'epoch': 76, 'time_epoch': 6.20636, 'loss': 0.51377082, 'lr': 0, 'params': 492871, 'time_iter': 0.08502, 'mae': 0.51377, 'r2': 0.20658, 'spearmanr': 0.9014, 'pearson': -1.0, 'mse': 0.80807, 'rmse': 0.87784}
> Epoch 76: took 57.4s (avg 57.3s) | Best so far: epoch 54	train_loss: 0.2969 train_mae: 0.2969	val_loss: 0.2624 val_mae: 0.2625	test_loss: 0.2713 test_mae: 0.2713
train: {'epoch': 77, 'time_epoch': 44.91399, 'eta': 985.70565, 'eta_hours': 0.27381, 'loss': 0.28732609, 'lr': nan, 'params': 492871, 'time_iter': 0.1321, 'mae': 0.28733, 'r2': 0.67833, 'spearmanr': 0.89718, 'pearson': -1.0, 'mse': 0.32499, 'rmse': 0.55649, 'trivial_loss': 0.6731374368467623}
val: {'epoch': 77, 'time_epoch': 6.24264, 'loss': 0.55966806, 'lr': 0, 'params': 492871, 'time_iter': 0.08552, 'mae': 0.55967, 'r2': -0.11148, 'spearmanr': 0.89963, 'pearson': -1.0, 'mse': 1.02223, 'rmse': 0.98791}
test: {'epoch': 77, 'time_epoch': 6.25001, 'loss': 0.57198791, 'lr': 0, 'params': 492871, 'time_iter': 0.08562, 'mae': 0.57199, 'r2': -0.03853, 'spearmanr': 0.89904, 'pearson': -1.0, 'mse': 1.05608, 'rmse': 1.00539}
> Epoch 77: took 57.5s (avg 57.3s) | Best so far: epoch 54	train_loss: 0.2969 train_mae: 0.2969	val_loss: 0.2624 val_mae: 0.2625	test_loss: 0.2713 test_mae: 0.2713
train: {'epoch': 78, 'time_epoch': 44.9017, 'eta': 940.92661, 'eta_hours': 0.26137, 'loss': 0.28976346, 'lr': nan, 'params': 492871, 'time_iter': 0.13206, 'mae': 0.28976, 'r2': 0.67354, 'spearmanr': 0.89688, 'pearson': -1.0, 'mse': 0.32986, 'rmse': 0.56127, 'trivial_loss': 0.6729092731610027}
val: {'epoch': 78, 'time_epoch': 6.24472, 'loss': 0.66797562, 'lr': 0, 'params': 492871, 'time_iter': 0.08554, 'mae': 0.66798, 'r2': -0.63904, 'spearmanr': 0.89889, 'pearson': -1.0, 'mse': 1.49804, 'rmse': 1.1688}
test: {'epoch': 78, 'time_epoch': 6.25441, 'loss': 0.68355745, 'lr': 0, 'params': 492871, 'time_iter': 0.08568, 'mae': 0.68356, 'r2': -0.54993, 'spearmanr': 0.89894, 'pearson': -1.0, 'mse': 1.58277, 'rmse': 1.20081}
> Epoch 78: took 57.5s (avg 57.3s) | Best so far: epoch 54	train_loss: 0.2969 train_mae: 0.2969	val_loss: 0.2624 val_mae: 0.2625	test_loss: 0.2713 test_mae: 0.2713
train: {'epoch': 79, 'time_epoch': 44.908, 'eta': 896.14607, 'eta_hours': 0.24893, 'loss': 0.29280477, 'lr': nan, 'params': 492871, 'time_iter': 0.13208, 'mae': 0.2928, 'r2': 0.66769, 'spearmanr': 0.8959, 'pearson': -1.0, 'mse': 0.33578, 'rmse': 0.56669, 'trivial_loss': 0.673016464760669}
val: {'epoch': 79, 'time_epoch': 6.23852, 'loss': 0.61185754, 'lr': 0, 'params': 492871, 'time_iter': 0.08546, 'mae': 0.61186, 'r2': -0.27579, 'spearmanr': 0.8987, 'pearson': -1.0, 'mse': 1.17313, 'rmse': 1.05762}
test: {'epoch': 79, 'time_epoch': 6.25186, 'loss': 0.62569933, 'lr': 0, 'params': 492871, 'time_iter': 0.08564, 'mae': 0.6257, 'r2': -0.21788, 'spearmanr': 0.89901, 'pearson': -1.0, 'mse': 1.23801, 'rmse': 1.08622}
> Epoch 79: took 57.5s (avg 57.3s) | Best so far: epoch 54	train_loss: 0.2969 train_mae: 0.2969	val_loss: 0.2624 val_mae: 0.2625	test_loss: 0.2713 test_mae: 0.2713
train: {'epoch': 80, 'time_epoch': 44.89396, 'eta': 851.3591, 'eta_hours': 0.23649, 'loss': 0.28949639, 'lr': nan, 'params': 492871, 'time_iter': 0.13204, 'mae': 0.2895, 'r2': 0.68123, 'spearmanr': 0.89656, 'pearson': -1.0, 'mse': 0.32206, 'rmse': 0.5546, 'trivial_loss': 0.6732553649516594}
val: {'epoch': 80, 'time_epoch': 6.24243, 'loss': 0.30180785, 'lr': 0, 'params': 492871, 'time_iter': 0.08551, 'mae': 0.30181, 'r2': 0.68866, 'spearmanr': 0.90425, 'pearson': -1.0, 'mse': 0.29202, 'rmse': 0.52631}
test: {'epoch': 80, 'time_epoch': 6.25457, 'loss': 0.30908713, 'lr': 0, 'params': 492871, 'time_iter': 0.08568, 'mae': 0.30909, 'r2': 0.70714, 'spearmanr': 0.90295, 'pearson': -1.0, 'mse': 0.29713, 'rmse': 0.53168}
> Epoch 80: took 57.5s (avg 57.3s) | Best so far: epoch 54	train_loss: 0.2969 train_mae: 0.2969	val_loss: 0.2624 val_mae: 0.2625	test_loss: 0.2713 test_mae: 0.2713
train: {'epoch': 81, 'time_epoch': 44.90833, 'eta': 806.57266, 'eta_hours': 0.22405, 'loss': 0.28733331, 'lr': nan, 'params': 492871, 'time_iter': 0.13208, 'mae': 0.28733, 'r2': 0.68136, 'spearmanr': 0.8976, 'pearson': -1.0, 'mse': 0.32193, 'rmse': 0.55455, 'trivial_loss': 0.6730130630474481}
val: {'epoch': 81, 'time_epoch': 6.24819, 'loss': 0.33201275, 'lr': 0, 'params': 492871, 'time_iter': 0.08559, 'mae': 0.33201, 'r2': 0.64185, 'spearmanr': 0.90392, 'pearson': -1.0, 'mse': 0.33506, 'rmse': 0.56896}
test: {'epoch': 81, 'time_epoch': 6.24803, 'loss': 0.33988037, 'lr': 0, 'params': 492871, 'time_iter': 0.08559, 'mae': 0.33988, 'r2': 0.66024, 'spearmanr': 0.90327, 'pearson': -1.0, 'mse': 0.34453, 'rmse': 0.57773}
> Epoch 81: took 57.5s (avg 57.3s) | Best so far: epoch 54	train_loss: 0.2969 train_mae: 0.2969	val_loss: 0.2624 val_mae: 0.2625	test_loss: 0.2713 test_mae: 0.2713
train: {'epoch': 82, 'time_epoch': 44.91463, 'eta': 761.78459, 'eta_hours': 0.21161, 'loss': 0.28741264, 'lr': nan, 'params': 492871, 'time_iter': 0.1321, 'mae': 0.28741, 'r2': 0.67727, 'spearmanr': 0.8971, 'pearson': -1.0, 'mse': 0.32606, 'rmse': 0.55702, 'trivial_loss': 0.6732506335883508}
val: {'epoch': 82, 'time_epoch': 6.24668, 'loss': 0.44675039, 'lr': 0, 'params': 492871, 'time_iter': 0.08557, 'mae': 0.44675, 'r2': 0.29877, 'spearmanr': 0.90237, 'pearson': -1.0, 'mse': 0.64803, 'rmse': 0.79203}
test: {'epoch': 82, 'time_epoch': 6.25351, 'loss': 0.45675191, 'lr': 0, 'params': 492871, 'time_iter': 0.08566, 'mae': 0.45675, 'r2': 0.35039, 'spearmanr': 0.90175, 'pearson': -1.0, 'mse': 0.66029, 'rmse': 0.80132}
> Epoch 82: took 57.5s (avg 57.3s) | Best so far: epoch 54	train_loss: 0.2969 train_mae: 0.2969	val_loss: 0.2624 val_mae: 0.2625	test_loss: 0.2713 test_mae: 0.2713
train: {'epoch': 83, 'time_epoch': 44.90123, 'eta': 716.99094, 'eta_hours': 0.19916, 'loss': 0.28745484, 'lr': nan, 'params': 492871, 'time_iter': 0.13206, 'mae': 0.28745, 'r2': 0.67964, 'spearmanr': 0.89796, 'pearson': -1.0, 'mse': 0.32367, 'rmse': 0.55563, 'trivial_loss': 0.6724693965563217}
val: {'epoch': 83, 'time_epoch': 6.24106, 'loss': 0.41656659, 'lr': 0, 'params': 492871, 'time_iter': 0.08549, 'mae': 0.41657, 'r2': 0.39982, 'spearmanr': 0.90321, 'pearson': -1.0, 'mse': 0.55529, 'rmse': 0.73239}
test: {'epoch': 83, 'time_epoch': 6.24976, 'loss': 0.4268137, 'lr': 0, 'params': 492871, 'time_iter': 0.08561, 'mae': 0.42681, 'r2': 0.44134, 'spearmanr': 0.90213, 'pearson': -1.0, 'mse': 0.56822, 'rmse': 0.74212}
> Epoch 83: took 57.5s (avg 57.4s) | Best so far: epoch 54	train_loss: 0.2969 train_mae: 0.2969	val_loss: 0.2624 val_mae: 0.2625	test_loss: 0.2713 test_mae: 0.2713
train: {'epoch': 84, 'time_epoch': 44.93083, 'eta': 672.19999, 'eta_hours': 0.18672, 'loss': 0.28958869, 'lr': nan, 'params': 492871, 'time_iter': 0.13215, 'mae': 0.28959, 'r2': 0.67793, 'spearmanr': 0.89661, 'pearson': -1.0, 'mse': 0.32541, 'rmse': 0.55763, 'trivial_loss': 0.6728811630639817}
val: {'epoch': 84, 'time_epoch': 6.24431, 'loss': 0.96208491, 'lr': 0, 'params': 492871, 'time_iter': 0.08554, 'mae': 0.96209, 'r2': -2.43761, 'spearmanr': 0.89255, 'pearson': -1.0, 'mse': 3.13243, 'rmse': 1.66456}
test: {'epoch': 84, 'time_epoch': 6.25567, 'loss': 0.98257568, 'lr': 0, 'params': 492871, 'time_iter': 0.08569, 'mae': 0.98258, 'r2': -2.2674, 'spearmanr': 0.89289, 'pearson': -1.0, 'mse': 3.34029, 'rmse': 1.717}
> Epoch 84: took 57.6s (avg 57.4s) | Best so far: epoch 54	train_loss: 0.2969 train_mae: 0.2969	val_loss: 0.2624 val_mae: 0.2625	test_loss: 0.2713 test_mae: 0.2713
train: {'epoch': 85, 'time_epoch': 44.8791, 'eta': 627.39736, 'eta_hours': 0.17428, 'loss': 0.28776617, 'lr': nan, 'params': 492871, 'time_iter': 0.132, 'mae': 0.28777, 'r2': 0.67663, 'spearmanr': 0.89808, 'pearson': -1.0, 'mse': 0.32675, 'rmse': 0.5585, 'trivial_loss': 0.673344906954343}
val: {'epoch': 85, 'time_epoch': 6.24382, 'loss': 0.49923516, 'lr': 0, 'params': 492871, 'time_iter': 0.08553, 'mae': 0.49924, 'r2': 0.17294, 'spearmanr': 0.90198, 'pearson': -1.0, 'mse': 0.76263, 'rmse': 0.85739}
test: {'epoch': 85, 'time_epoch': 6.25493, 'loss': 0.50764856, 'lr': 0, 'params': 492871, 'time_iter': 0.08568, 'mae': 0.50765, 'r2': 0.23382, 'spearmanr': 0.90155, 'pearson': -1.0, 'mse': 0.77797, 'rmse': 0.86754}
> Epoch 85: took 57.5s (avg 57.4s) | Best so far: epoch 54	train_loss: 0.2969 train_mae: 0.2969	val_loss: 0.2624 val_mae: 0.2625	test_loss: 0.2713 test_mae: 0.2713
train: {'epoch': 86, 'time_epoch': 44.85795, 'eta': 582.58982, 'eta_hours': 0.16183, 'loss': 0.28731902, 'lr': nan, 'params': 492871, 'time_iter': 0.13194, 'mae': 0.28732, 'r2': 0.68033, 'spearmanr': 0.89734, 'pearson': -1.0, 'mse': 0.32299, 'rmse': 0.55555, 'trivial_loss': 0.6730977923958016}
val: {'epoch': 86, 'time_epoch': 6.20022, 'loss': 0.29094287, 'lr': 0, 'params': 492871, 'time_iter': 0.08493, 'mae': 0.29094, 'r2': 0.72052, 'spearmanr': 0.90459, 'pearson': -1.0, 'mse': 0.26283, 'rmse': 0.49569}
test: {'epoch': 86, 'time_epoch': 6.20726, 'loss': 0.29855212, 'lr': 0, 'params': 492871, 'time_iter': 0.08503, 'mae': 0.29855, 'r2': 0.73118, 'spearmanr': 0.90311, 'pearson': -1.0, 'mse': 0.27273, 'rmse': 0.50554}
> Epoch 86: took 57.4s (avg 57.4s) | Best so far: epoch 54	train_loss: 0.2969 train_mae: 0.2969	val_loss: 0.2624 val_mae: 0.2625	test_loss: 0.2713 test_mae: 0.2713
train: {'epoch': 87, 'time_epoch': 44.852, 'eta': 537.78032, 'eta_hours': 0.14938, 'loss': 0.28766083, 'lr': nan, 'params': 492871, 'time_iter': 0.13192, 'mae': 0.28766, 'r2': 0.67443, 'spearmanr': 0.89801, 'pearson': -1.0, 'mse': 0.32896, 'rmse': 0.55954, 'trivial_loss': 0.674177432700527}
val: {'epoch': 87, 'time_epoch': 6.20922, 'loss': 0.46686533, 'lr': 0, 'params': 492871, 'time_iter': 0.08506, 'mae': 0.46687, 'r2': 0.22736, 'spearmanr': 0.90144, 'pearson': -1.0, 'mse': 0.71318, 'rmse': 0.83023}
test: {'epoch': 87, 'time_epoch': 6.21426, 'loss': 0.47974672, 'lr': 0, 'params': 492871, 'time_iter': 0.08513, 'mae': 0.47975, 'r2': 0.27161, 'spearmanr': 0.90102, 'pearson': -1.0, 'mse': 0.7409, 'rmse': 0.84743}
> Epoch 87: took 57.4s (avg 57.4s) | Best so far: epoch 54	train_loss: 0.2969 train_mae: 0.2969	val_loss: 0.2624 val_mae: 0.2625	test_loss: 0.2713 test_mae: 0.2713
train: {'epoch': 88, 'time_epoch': 44.83023, 'eta': 492.96717, 'eta_hours': 0.13694, 'loss': 0.28999431, 'lr': nan, 'params': 492871, 'time_iter': 0.13185, 'mae': 0.28999, 'r2': 0.67677, 'spearmanr': 0.89649, 'pearson': -1.0, 'mse': 0.32658, 'rmse': 0.55897, 'trivial_loss': 0.6724030655605489}
val: {'epoch': 88, 'time_epoch': 6.20425, 'loss': 0.29171096, 'lr': 0, 'params': 492871, 'time_iter': 0.08499, 'mae': 0.29171, 'r2': 0.71559, 'spearmanr': 0.90509, 'pearson': -1.0, 'mse': 0.2675, 'rmse': 0.50422}
test: {'epoch': 88, 'time_epoch': 6.21649, 'loss': 0.29903032, 'lr': 0, 'params': 492871, 'time_iter': 0.08516, 'mae': 0.29903, 'r2': 0.7291, 'spearmanr': 0.90371, 'pearson': -1.0, 'mse': 0.27434, 'rmse': 0.51082}
> Epoch 88: took 57.4s (avg 57.4s) | Best so far: epoch 54	train_loss: 0.2969 train_mae: 0.2969	val_loss: 0.2624 val_mae: 0.2625	test_loss: 0.2713 test_mae: 0.2713
train: {'epoch': 89, 'time_epoch': 44.8245, 'eta': 448.15301, 'eta_hours': 0.12449, 'loss': 0.28990617, 'lr': nan, 'params': 492871, 'time_iter': 0.13184, 'mae': 0.28991, 'r2': 0.6764, 'spearmanr': 0.89666, 'pearson': -1.0, 'mse': 0.32696, 'rmse': 0.55893, 'trivial_loss': 0.6725498505089503}
val: {'epoch': 89, 'time_epoch': 6.20254, 'loss': 0.44976484, 'lr': 0, 'params': 492871, 'time_iter': 0.08497, 'mae': 0.44976, 'r2': 0.31063, 'spearmanr': 0.90166, 'pearson': -1.0, 'mse': 0.63754, 'rmse': 0.787}
test: {'epoch': 89, 'time_epoch': 6.20834, 'loss': 0.45929185, 'lr': 0, 'params': 492871, 'time_iter': 0.08505, 'mae': 0.45929, 'r2': 0.35797, 'spearmanr': 0.90157, 'pearson': -1.0, 'mse': 0.65205, 'rmse': 0.79735}
> Epoch 89: took 57.4s (avg 57.4s) | Best so far: epoch 54	train_loss: 0.2969 train_mae: 0.2969	val_loss: 0.2624 val_mae: 0.2625	test_loss: 0.2713 test_mae: 0.2713
train: {'epoch': 90, 'time_epoch': 44.80423, 'eta': 403.33661, 'eta_hours': 0.11204, 'loss': 0.28736897, 'lr': nan, 'params': 492871, 'time_iter': 0.13178, 'mae': 0.28737, 'r2': 0.6811, 'spearmanr': 0.89759, 'pearson': -1.0, 'mse': 0.32219, 'rmse': 0.55426, 'trivial_loss': 0.6736206602920859}
val: {'epoch': 90, 'time_epoch': 6.2018, 'loss': 0.48237105, 'lr': 0, 'params': 492871, 'time_iter': 0.08496, 'mae': 0.48237, 'r2': 0.21341, 'spearmanr': 0.90017, 'pearson': -1.0, 'mse': 0.72457, 'rmse': 0.82926}
test: {'epoch': 90, 'time_epoch': 6.21226, 'loss': 0.49184195, 'lr': 0, 'params': 492871, 'time_iter': 0.0851, 'mae': 0.49184, 'r2': 0.27082, 'spearmanr': 0.90009, 'pearson': -1.0, 'mse': 0.7433, 'rmse': 0.84133}
> Epoch 90: took 57.3s (avg 57.4s) | Best so far: epoch 54	train_loss: 0.2969 train_mae: 0.2969	val_loss: 0.2624 val_mae: 0.2625	test_loss: 0.2713 test_mae: 0.2713
train: {'epoch': 91, 'time_epoch': 44.79937, 'eta': 358.52006, 'eta_hours': 0.09959, 'loss': 0.28731226, 'lr': nan, 'params': 492871, 'time_iter': 0.13176, 'mae': 0.28731, 'r2': 0.68139, 'spearmanr': 0.89726, 'pearson': -1.0, 'mse': 0.32191, 'rmse': 0.55426, 'trivial_loss': 0.6727369568456034}
val: {'epoch': 91, 'time_epoch': 6.20818, 'loss': 0.70454225, 'lr': 0, 'params': 492871, 'time_iter': 0.08504, 'mae': 0.70454, 'r2': -0.91252, 'spearmanr': 0.89483, 'pearson': -1.0, 'mse': 1.74848, 'rmse': 1.26562}
test: {'epoch': 91, 'time_epoch': 6.21211, 'loss': 0.72307503, 'lr': 0, 'params': 492871, 'time_iter': 0.0851, 'mae': 0.72307, 'r2': -0.82762, 'spearmanr': 0.89536, 'pearson': -1.0, 'mse': 1.86303, 'rmse': 1.30566}
> Epoch 91: took 57.3s (avg 57.4s) | Best so far: epoch 54	train_loss: 0.2969 train_mae: 0.2969	val_loss: 0.2624 val_mae: 0.2625	test_loss: 0.2713 test_mae: 0.2713
train: {'epoch': 92, 'time_epoch': 44.74967, 'eta': 313.70013, 'eta_hours': 0.08714, 'loss': 0.28917616, 'lr': nan, 'params': 492871, 'time_iter': 0.13162, 'mae': 0.28918, 'r2': 0.67005, 'spearmanr': 0.89773, 'pearson': -1.0, 'mse': 0.33342, 'rmse': 0.56372, 'trivial_loss': 0.6738458663858333}
val: {'epoch': 92, 'time_epoch': 6.19838, 'loss': 0.297683, 'lr': 0, 'params': 492871, 'time_iter': 0.08491, 'mae': 0.29768, 'r2': 0.71366, 'spearmanr': 0.90542, 'pearson': -1.0, 'mse': 0.26938, 'rmse': 0.50704}
test: {'epoch': 92, 'time_epoch': 6.20695, 'loss': 0.30396216, 'lr': 0, 'params': 492871, 'time_iter': 0.08503, 'mae': 0.30396, 'r2': 0.72946, 'spearmanr': 0.90399, 'pearson': -1.0, 'mse': 0.27373, 'rmse': 0.51136}
> Epoch 92: took 57.3s (avg 57.4s) | Best so far: epoch 54	train_loss: 0.2969 train_mae: 0.2969	val_loss: 0.2624 val_mae: 0.2625	test_loss: 0.2713 test_mae: 0.2713
train: {'epoch': 93, 'time_epoch': 44.63819, 'eta': 268.87459, 'eta_hours': 0.07469, 'loss': 0.28954349, 'lr': nan, 'params': 492871, 'time_iter': 0.13129, 'mae': 0.28954, 'r2': 0.67196, 'spearmanr': 0.89723, 'pearson': -1.0, 'mse': 0.33147, 'rmse': 0.56237, 'trivial_loss': 0.6725259028723934}
val: {'epoch': 93, 'time_epoch': 6.18999, 'loss': 0.77761878, 'lr': 0, 'params': 492871, 'time_iter': 0.08479, 'mae': 0.77762, 'r2': -1.01261, 'spearmanr': 0.89355, 'pearson': -1.0, 'mse': 1.84998, 'rmse': 1.3237}
test: {'epoch': 93, 'time_epoch': 6.20066, 'loss': 0.79705648, 'lr': 0, 'params': 492871, 'time_iter': 0.08494, 'mae': 0.79706, 'r2': -0.95003, 'spearmanr': 0.89482, 'pearson': -1.0, 'mse': 1.97587, 'rmse': 1.36642}
> Epoch 93: took 57.2s (avg 57.4s) | Best so far: epoch 54	train_loss: 0.2969 train_mae: 0.2969	val_loss: 0.2624 val_mae: 0.2625	test_loss: 0.2713 test_mae: 0.2713
train: {'epoch': 94, 'time_epoch': 44.69203, 'eta': 224.05582, 'eta_hours': 0.06224, 'loss': 0.28862564, 'lr': nan, 'params': 492871, 'time_iter': 0.13145, 'mae': 0.28863, 'r2': 0.67825, 'spearmanr': 0.89783, 'pearson': -1.0, 'mse': 0.32509, 'rmse': 0.55768, 'trivial_loss': 0.6725876160897228}
val: {'epoch': 94, 'time_epoch': 6.18861, 'loss': 0.31749546, 'lr': 0, 'params': 492871, 'time_iter': 0.08478, 'mae': 0.3175, 'r2': 0.66928, 'spearmanr': 0.90368, 'pearson': -1.0, 'mse': 0.31019, 'rmse': 0.54634}
test: {'epoch': 94, 'time_epoch': 6.19964, 'loss': 0.32525573, 'lr': 0, 'params': 492871, 'time_iter': 0.08493, 'mae': 0.32526, 'r2': 0.68718, 'spearmanr': 0.90333, 'pearson': -1.0, 'mse': 0.31701, 'rmse': 0.55292}
> Epoch 94: took 57.2s (avg 57.4s) | Best so far: epoch 54	train_loss: 0.2969 train_mae: 0.2969	val_loss: 0.2624 val_mae: 0.2625	test_loss: 0.2713 test_mae: 0.2713
train: {'epoch': 95, 'time_epoch': 44.70056, 'eta': 179.24005, 'eta_hours': 0.04979, 'loss': 0.28847741, 'lr': nan, 'params': 492871, 'time_iter': 0.13147, 'mae': 0.28848, 'r2': 0.68108, 'spearmanr': 0.89743, 'pearson': -1.0, 'mse': 0.32222, 'rmse': 0.55519, 'trivial_loss': 0.6736545531826252}
val: {'epoch': 95, 'time_epoch': 6.18996, 'loss': 0.26023143, 'lr': 0, 'params': 492871, 'time_iter': 0.08479, 'mae': 0.26023, 'r2': 0.75107, 'spearmanr': 0.90605, 'pearson': -1.0, 'mse': 0.23427, 'rmse': 0.46644}
test: {'epoch': 95, 'time_epoch': 6.20038, 'loss': 0.27052013, 'lr': 0, 'params': 492871, 'time_iter': 0.08494, 'mae': 0.27052, 'r2': 0.74806, 'spearmanr': 0.90394, 'pearson': -1.0, 'mse': 0.25546, 'rmse': 0.48842}
> Epoch 95: took 57.2s (avg 57.3s) | Best so far: epoch 95	train_loss: 0.2885 train_mae: 0.2885	val_loss: 0.2602 val_mae: 0.2602	test_loss: 0.2705 test_mae: 0.2705
train: {'epoch': 96, 'time_epoch': 44.66236, 'eta': 134.42547, 'eta_hours': 0.03734, 'loss': 0.29080871, 'lr': nan, 'params': 492871, 'time_iter': 0.13136, 'mae': 0.29081, 'r2': 0.66826, 'spearmanr': 0.89731, 'pearson': -1.0, 'mse': 0.33522, 'rmse': 0.56519, 'trivial_loss': 0.673701095524043}
val: {'epoch': 96, 'time_epoch': 6.18984, 'loss': 0.28602183, 'lr': 0, 'params': 492871, 'time_iter': 0.08479, 'mae': 0.28602, 'r2': 0.72926, 'spearmanr': 0.90488, 'pearson': -1.0, 'mse': 0.25505, 'rmse': 0.49068}
test: {'epoch': 96, 'time_epoch': 6.2049, 'loss': 0.29158671, 'lr': 0, 'params': 492871, 'time_iter': 0.085, 'mae': 0.29159, 'r2': 0.74124, 'spearmanr': 0.9042, 'pearson': -1.0, 'mse': 0.26203, 'rmse': 0.498}
> Epoch 96: took 57.2s (avg 57.3s) | Best so far: epoch 95	train_loss: 0.2885 train_mae: 0.2885	val_loss: 0.2602 val_mae: 0.2602	test_loss: 0.2705 test_mae: 0.2705
train: {'epoch': 97, 'time_epoch': 44.68862, 'eta': 89.61453, 'eta_hours': 0.02489, 'loss': 0.28835744, 'lr': nan, 'params': 492871, 'time_iter': 0.13144, 'mae': 0.28836, 'r2': 0.67967, 'spearmanr': 0.89802, 'pearson': -1.0, 'mse': 0.32366, 'rmse': 0.55663, 'trivial_loss': 0.6726397926844899}
val: {'epoch': 97, 'time_epoch': 6.18856, 'loss': 0.27586579, 'lr': 0, 'params': 492871, 'time_iter': 0.08477, 'mae': 0.27587, 'r2': 0.74345, 'spearmanr': 0.90567, 'pearson': -1.0, 'mse': 0.24183, 'rmse': 0.4763}
test: {'epoch': 97, 'time_epoch': 6.20501, 'loss': 0.28324454, 'lr': 0, 'params': 492871, 'time_iter': 0.085, 'mae': 0.28324, 'r2': 0.75046, 'spearmanr': 0.9041, 'pearson': -1.0, 'mse': 0.25261, 'rmse': 0.48773}
> Epoch 97: took 57.2s (avg 57.3s) | Best so far: epoch 95	train_loss: 0.2885 train_mae: 0.2885	val_loss: 0.2602 val_mae: 0.2602	test_loss: 0.2705 test_mae: 0.2705
train: {'epoch': 98, 'time_epoch': 44.68189, 'eta': 44.806, 'eta_hours': 0.01245, 'loss': 0.2921238, 'lr': nan, 'params': 492871, 'time_iter': 0.13142, 'mae': 0.29212, 'r2': 0.66999, 'spearmanr': 0.89644, 'pearson': -1.0, 'mse': 0.33347, 'rmse': 0.56498, 'trivial_loss': 0.6721857949867974}
val: {'epoch': 98, 'time_epoch': 6.19106, 'loss': 0.27657485, 'lr': 0, 'params': 492871, 'time_iter': 0.08481, 'mae': 0.27657, 'r2': 0.74244, 'spearmanr': 0.9062, 'pearson': -1.0, 'mse': 0.24263, 'rmse': 0.47588}
test: {'epoch': 98, 'time_epoch': 6.205, 'loss': 0.28511181, 'lr': 0, 'params': 492871, 'time_iter': 0.085, 'mae': 0.28511, 'r2': 0.74482, 'spearmanr': 0.90404, 'pearson': -1.0, 'mse': 0.25864, 'rmse': 0.49248}
> Epoch 98: took 57.2s (avg 57.3s) | Best so far: epoch 95	train_loss: 0.2885 train_mae: 0.2885	val_loss: 0.2602 val_mae: 0.2602	test_loss: 0.2705 test_mae: 0.2705
train: {'epoch': 99, 'time_epoch': 44.70704, 'eta': 0.0, 'eta_hours': 0.0, 'loss': 0.28901299, 'lr': nan, 'params': 492871, 'time_iter': 0.13149, 'mae': 0.28901, 'r2': 0.66984, 'spearmanr': 0.89827, 'pearson': -1.0, 'mse': 0.33362, 'rmse': 0.56419, 'trivial_loss': 0.6735595819988038}
val: {'epoch': 99, 'time_epoch': 6.19537, 'loss': 0.29921599, 'lr': 0, 'params': 492871, 'time_iter': 0.08487, 'mae': 0.29922, 'r2': 0.7082, 'spearmanr': 0.90545, 'pearson': -1.0, 'mse': 0.27431, 'rmse': 0.51327}
test: {'epoch': 99, 'time_epoch': 6.20914, 'loss': 0.30736387, 'lr': 0, 'params': 492871, 'time_iter': 0.08506, 'mae': 0.30736, 'r2': 0.71357, 'spearmanr': 0.90355, 'pearson': -1.0, 'mse': 0.28965, 'rmse': 0.52811}
> Epoch 99: took 57.2s (avg 57.3s) | Best so far: epoch 95	train_loss: 0.2885 train_mae: 0.2885	val_loss: 0.2602 val_mae: 0.2602	test_loss: 0.2705 test_mae: 0.2705
Avg time per epoch: 57.34s
Total train loop time: 1.59h
Task done, results saved in results/peptides-struct-SAN/0
[*] All done: 2024-05-21 18:34:12.059725
