[*] Run ID 0: seed=0, split_index=0
    Starting now: 2024-05-20 19:02:24.959807
[*] Loaded dataset 'peptides-structural' from 'OGB':
  Data(edge_index=[2, 4773974], edge_attr=[4773974, 3], x=[2344859, 9], y=[15535, 11])
  undirected: True
  num graphs: 15535
  avg num_nodes/graph: 150
  num node features: 9
  num edge features: 3
  num classes: 11
GraphGymModule(
  (model): CustomGNN(
    (encoder): FeatureEncoder(
      (node_encoder): AtomEncoder(
        (atom_embedding_list): ModuleList(
          (0): Embedding(119, 138)
          (1): Embedding(5, 138)
          (2-3): 2 x Embedding(12, 138)
          (4): Embedding(10, 138)
          (5-6): 2 x Embedding(6, 138)
          (7-8): 2 x Embedding(2, 138)
        )
      )
      (edge_encoder): BondEncoder(
        (bond_embedding_list): ModuleList(
          (0): Embedding(5, 138)
          (1): Embedding(6, 138)
          (2): Embedding(2, 138)
        )
      )
    )
    (gnn_layers): Sequential(
      (0): GatedGCNLayer()
      (1): GatedGCNLayer()
      (2): GatedGCNLayer()
      (3): GatedGCNLayer()
      (4): GatedGCNLayer()
    )
    (post_mp): GNNGraphHead(
      (layer_post_mp): MLP(
        (model): Sequential(
          (0): Linear(
            (model): Linear(138, 11, bias=True)
          )
        )
      )
    )
  )
)
accelerator: cuda
benchmark: False
bn:
  eps: 1e-05
  mom: 0.1
cfg_dest: config.yaml
custom_metrics: []
dataset:
  cache_load: False
  cache_save: False
  dir: ./datasets
  edge_dim: 128
  edge_encoder: True
  edge_encoder_bn: False
  edge_encoder_name: Bond
  edge_encoder_num_types: 0
  edge_message_ratio: 0.8
  edge_negative_sampling_ratio: 1.0
  edge_train_mode: all
  encoder: True
  encoder_bn: True
  encoder_dim: 128
  encoder_name: db
  format: OGB
  label_column: none
  label_table: none
  location: local
  name: peptides-structural
  node_encoder: True
  node_encoder_bn: False
  node_encoder_name: Atom
  node_encoder_num_types: 0
  remove_feature: False
  resample_disjoint: False
  resample_negative: False
  shuffle_split: True
  slic_compactness: 10
  split: [0.8, 0.1, 0.1]
  split_dir: ./splits
  split_index: 0
  split_mode: standard
  task: graph
  task_type: regression
  to_undirected: False
  transductive: False
  transform: none
  tu_simple: True
device: cuda
devices: 1
example_arg: example
example_group:
  example_arg: example
gnn:
  act: relu
  agg: add
  att_final_linear: False
  att_final_linear_bn: False
  att_heads: 1
  batchnorm: True
  clear_feature: True
  dim_inner: 138
  dropout: 0.0
  head: graph
  keep_edge: 0.5
  l2norm: True
  layer_type: gatedgcnconv
  layers_mp: 5
  layers_post_mp: 1
  layers_pre_mp: 0
  msg_direction: single
  normalize_adj: False
  residual: True
  self_msg: concat
  skip_every: 1
  stage_type: stack
gpu_mem: False
gt:
  attn_dropout: 0.0
  batch_norm: True
  bigbird:
    add_cross_attention: False
    attention_type: block_sparse
    block_size: 3
    chunk_size_feed_forward: 0
    hidden_act: relu
    is_decoder: False
    layer_norm_eps: 1e-06
    max_position_embeddings: 128
    num_random_blocks: 3
    use_bias: False
  dim_hidden: 64
  dropout: 0.0
  full_graph: True
  gamma: 1e-05
  layer_norm: False
  layer_type: SANLayer
  layers: 3
  n_heads: 8
  pna_degrees: []
  residual: True
mem:
  inplace: False
metric_agg: argmin
metric_best: mae
model:
  edge_decoding: dot
  graph_pooling: mean
  loss_fun: l1
  match_upper: True
  size_average: mean
  thresh: 0.5
  type: custom_gnn
name_tag: 
num_threads: 6
num_workers: 0
optim:
  base_lr: 0.001
  batch_accumulation: 1
  clip_grad_norm: False
  lr_decay: 0.1
  max_epoch: 500
  min_lr: 1e-05
  momentum: 0.9
  num_warmup_epochs: 50
  optimizer: adamW
  reduce_factor: 0.5
  schedule_patience: 20
  scheduler: reduce_on_plateau
  steps: [30, 60, 90]
  weight_decay: 0.0
out_dir: results/peptides-struct-GatedGCN
posenc_ElstaticSE:
  dim_pe: 16
  enable: False
  kernel:
    times: []
    times_func: range(10)
  layers: 3
  model: none
  n_heads: 4
  pass_as_var: False
  post_layers: 0
  raw_norm_type: none
posenc_EquivStableLapPE:
  eigen:
    eigvec_norm: L2
    laplacian_norm: sym
    max_freqs: 10
  enable: False
  raw_norm_type: none
posenc_HKdiagSE:
  dim_pe: 16
  enable: False
  kernel:
    times: []
    times_func: 
  layers: 3
  model: none
  n_heads: 4
  pass_as_var: False
  post_layers: 0
  raw_norm_type: none
posenc_LapPE:
  dim_pe: 16
  eigen:
    eigvec_norm: L2
    laplacian_norm: sym
    max_freqs: 10
  enable: False
  layers: 3
  model: none
  n_heads: 4
  pass_as_var: False
  post_layers: 0
  raw_norm_type: none
posenc_LapPEVec:
  dim_pe: 16
  eigen:
    eigvec_norm: L2
    laplacian_norm: sym
    max_freqs: 10
  enable: False
  layers: 3
  model: none
  n_heads: 4
  pass_as_var: False
  post_layers: 0
  raw_norm_type: none
posenc_RWSE:
  dim_pe: 16
  enable: False
  kernel:
    times: []
    times_func: 
  layers: 3
  model: none
  n_heads: 4
  pass_as_var: False
  post_layers: 0
  raw_norm_type: none
posenc_SignNet:
  dim_pe: 16
  eigen:
    eigvec_norm: L2
    laplacian_norm: sym
    max_freqs: 10
  enable: False
  layers: 3
  model: none
  n_heads: 4
  pass_as_var: False
  phi_hidden_dim: 64
  phi_out_dim: 4
  post_layers: 0
  raw_norm_type: none
print: both
round: 5
run_dir: results/peptides-struct-GatedGCN/0
run_id: 0
run_multiple_splits: []
seed: 0
share:
  dim_in: 9
  dim_out: 11
  num_splits: 3
tensorboard_agg: True
tensorboard_each_run: False
train:
  auto_resume: False
  batch_size: 128
  ckpt_clean: True
  ckpt_period: 100
  enable_ckpt: True
  epoch_resume: -1
  eval_period: 1
  finetune: 
  freeze_pretrained: False
  iter_per_epoch: 32
  mode: custom
  neighbor_sizes: [20, 15, 10, 5]
  node_per_graph: 32
  radius: extend
  sample_node: False
  sampler: full_batch
  skip_train_eval: False
  walk_length: 4
val:
  node_per_graph: 32
  radius: extend
  sample_node: False
  sampler: full_batch
view_emb: False
wandb:
  entity: kludge
  name: 
  project: peptides-struct
  use: False
Num parameters: 509645
Start from epoch 0
train: {'epoch': 0, 'time_epoch': 12.28657, 'eta': 6131.00037, 'eta_hours': 1.70306, 'loss': 0.49870226, 'lr': nan, 'params': 509645, 'time_iter': 0.14455, 'mae': 0.4987, 'r2': 0.28902, 'spearmanr': 0.6405, 'pearson': -1.0, 'mse': 0.71881, 'rmse': 0.84329, 'trivial_loss': 0.6771085515836229}
...computing epoch stats took: 0.08s
val: {'epoch': 0, 'time_epoch': 1.17332, 'loss': 0.52971089, 'lr': 0, 'params': 509645, 'time_iter': 0.06175, 'mae': 0.52971, 'r2': 0.33314, 'spearmanr': 0.69873, 'pearson': -1.0, 'mse': 0.62533, 'rmse': 0.78351}
...computing epoch stats took: 0.03s
test: {'epoch': 0, 'time_epoch': 1.15998, 'loss': 0.53868325, 'lr': 0, 'params': 509645, 'time_iter': 0.06105, 'mae': 0.53868, 'r2': 0.34088, 'spearmanr': 0.70664, 'pearson': -1.0, 'mse': 0.66738, 'rmse': 0.8092}
...computing epoch stats took: 0.02s
> Epoch 0: took 14.8s (avg 14.8s) | Best so far: epoch 0	train_loss: 0.4987 train_mae: 0.4987	val_loss: 0.5297 val_mae: 0.5297	test_loss: 0.5387 test_mae: 0.5387
train: {'epoch': 1, 'time_epoch': 11.1712, 'eta': 5840.98606, 'eta_hours': 1.6225, 'loss': 0.43767853, 'lr': nan, 'params': 509645, 'time_iter': 0.13143, 'mae': 0.43768, 'r2': 0.4362, 'spearmanr': 0.73935, 'pearson': -1.0, 'mse': 0.56999, 'rmse': 0.74719, 'trivial_loss': 0.6769316671447856}
...computing epoch stats took: 0.08s
val: {'epoch': 1, 'time_epoch': 0.95928, 'loss': 0.43110428, 'lr': 0, 'params': 509645, 'time_iter': 0.05049, 'mae': 0.4311, 'r2': 0.43836, 'spearmanr': 0.80405, 'pearson': -1.0, 'mse': 0.52309, 'rmse': 0.7148}
...computing epoch stats took: 0.02s
test: {'epoch': 1, 'time_epoch': 0.97365, 'loss': 0.44052395, 'lr': 0, 'params': 509645, 'time_iter': 0.05124, 'mae': 0.44052, 'r2': 0.43055, 'spearmanr': 0.80813, 'pearson': -1.0, 'mse': 0.5782, 'rmse': 0.7505}
...computing epoch stats took: 0.02s
> Epoch 1: took 13.2s (avg 14.0s) | Best so far: epoch 1	train_loss: 0.4377 train_mae: 0.4377	val_loss: 0.4311 val_mae: 0.4311	test_loss: 0.4405 test_mae: 0.4405
train: {'epoch': 2, 'time_epoch': 11.77275, 'eta': 5836.52345, 'eta_hours': 1.62126, 'loss': 0.42834673, 'lr': nan, 'params': 509645, 'time_iter': 0.1385, 'mae': 0.42835, 'r2': 0.44666, 'spearmanr': 0.76203, 'pearson': -1.0, 'mse': 0.55942, 'rmse': 0.7397, 'trivial_loss': 0.6768484810101869}
...computing epoch stats took: 0.08s
val: {'epoch': 2, 'time_epoch': 1.02941, 'loss': 0.41203649, 'lr': 0, 'params': 509645, 'time_iter': 0.05418, 'mae': 0.41204, 'r2': 0.45764, 'spearmanr': 0.81063, 'pearson': -1.0, 'mse': 0.50648, 'rmse': 0.70402}
...computing epoch stats took: 0.02s
test: {'epoch': 2, 'time_epoch': 1.04158, 'loss': 0.42492077, 'lr': 0, 'params': 509645, 'time_iter': 0.05482, 'mae': 0.42492, 'r2': 0.44479, 'spearmanr': 0.81236, 'pearson': -1.0, 'mse': 0.56326, 'rmse': 0.7416}
...computing epoch stats took: 0.02s
> Epoch 2: took 14.0s (avg 14.0s) | Best so far: epoch 2	train_loss: 0.4283 train_mae: 0.4284	val_loss: 0.4120 val_mae: 0.4120	test_loss: 0.4249 test_mae: 0.4249
train: {'epoch': 3, 'time_epoch': 11.85185, 'eta': 5838.21489, 'eta_hours': 1.62173, 'loss': 0.4176332, 'lr': nan, 'params': 509645, 'time_iter': 0.13943, 'mae': 0.41763, 'r2': 0.46411, 'spearmanr': 0.78283, 'pearson': -1.0, 'mse': 0.54181, 'rmse': 0.72775, 'trivial_loss': 0.6771386268605285}
val: {'epoch': 3, 'time_epoch': 1.02956, 'loss': 0.40078523, 'lr': 0, 'params': 509645, 'time_iter': 0.05419, 'mae': 0.40079, 'r2': 0.49606, 'spearmanr': 0.80036, 'pearson': -1.0, 'mse': 0.46969, 'rmse': 0.67823}
test: {'epoch': 3, 'time_epoch': 1.04043, 'loss': 0.41640375, 'lr': 0, 'params': 509645, 'time_iter': 0.05476, 'mae': 0.4164, 'r2': 0.4796, 'spearmanr': 0.79725, 'pearson': -1.0, 'mse': 0.52832, 'rmse': 0.71851}
> Epoch 3: took 14.0s (avg 14.0s) | Best so far: epoch 3	train_loss: 0.4176 train_mae: 0.4176	val_loss: 0.4008 val_mae: 0.4008	test_loss: 0.4164 test_mae: 0.4164
train: {'epoch': 4, 'time_epoch': 11.86513, 'eta': 5835.80309, 'eta_hours': 1.62106, 'loss': 0.41722181, 'lr': nan, 'params': 509645, 'time_iter': 0.13959, 'mae': 0.41722, 'r2': 0.4663, 'spearmanr': 0.78436, 'pearson': -1.0, 'mse': 0.53959, 'rmse': 0.72622, 'trivial_loss': 0.6771561055703972}
val: {'epoch': 4, 'time_epoch': 1.02981, 'loss': 0.40517073, 'lr': 0, 'params': 509645, 'time_iter': 0.0542, 'mae': 0.40517, 'r2': 0.49873, 'spearmanr': 0.82223, 'pearson': -1.0, 'mse': 0.46736, 'rmse': 0.67616}
test: {'epoch': 4, 'time_epoch': 1.04348, 'loss': 0.41970151, 'lr': 0, 'params': 509645, 'time_iter': 0.05492, 'mae': 0.4197, 'r2': 0.48118, 'spearmanr': 0.82088, 'pearson': -1.0, 'mse': 0.52669, 'rmse': 0.71723}
> Epoch 4: took 14.1s (avg 14.0s) | Best so far: epoch 3	train_loss: 0.4176 train_mae: 0.4176	val_loss: 0.4008 val_mae: 0.4008	test_loss: 0.4164 test_mae: 0.4164
train: {'epoch': 5, 'time_epoch': 11.85796, 'eta': 5829.64973, 'eta_hours': 1.61935, 'loss': 0.41530118, 'lr': nan, 'params': 509645, 'time_iter': 0.13951, 'mae': 0.4153, 'r2': 0.47395, 'spearmanr': 0.77998, 'pearson': -1.0, 'mse': 0.53187, 'rmse': 0.72066, 'trivial_loss': 0.6765840815432123}
